This is pdfTeX, Version 3.14159265-2.6-1.40.21 (TeX Live 2020) (preloaded format=pdflatex 2023.9.29)  16 AUG 2024 18:58
entering extended mode
 restricted \write18 enabled.
 %&-line parsing enabled.
**main.tex
(./main.tex
LaTeX2e <2020-10-01> patch level 4
L3 programming layer <2021-02-18> (./Preambulo/Pakage.tex
(/usr/share/texlive/texmf-dist/tex/latex/base/article.cls
Document Class: article 2020/04/10 v1.4m Standard LaTeX document class
(/usr/share/texlive/texmf-dist/tex/latex/base/size10.clo
File: size10.clo 2020/04/10 v1.4m Standard LaTeX file (size option)
)
\c@part=\count179
\c@section=\count180
\c@subsection=\count181
\c@subsubsection=\count182
\c@paragraph=\count183
\c@subparagraph=\count184
\c@figure=\count185
\c@table=\count186
\abovecaptionskip=\skip47
\belowcaptionskip=\skip48
\bibindent=\dimen138
)
(/usr/share/texlive/texmf-dist/tex/latex/geometry/geometry.sty
Package: geometry 2020/01/02 v5.9 Page Geometry

(/usr/share/texlive/texmf-dist/tex/latex/graphics/keyval.sty
Package: keyval 2014/10/28 v1.15 key=value parser (DPC)
\KV@toks@=\toks15
)
(/usr/share/texlive/texmf-dist/tex/generic/iftex/ifvtex.sty
Package: ifvtex 2019/10/25 v1.7 ifvtex legacy package. Use iftex instead.

(/usr/share/texlive/texmf-dist/tex/generic/iftex/iftex.sty
Package: iftex 2020/03/06 v1.0d TeX engine tests
))
\Gm@cnth=\count187
\Gm@cntv=\count188
\c@Gm@tempcnt=\count189
\Gm@bindingoffset=\dimen139
\Gm@wd@mp=\dimen140
\Gm@odd@mp=\dimen141
\Gm@even@mp=\dimen142
\Gm@layoutwidth=\dimen143
\Gm@layoutheight=\dimen144
\Gm@layouthoffset=\dimen145
\Gm@layoutvoffset=\dimen146
\Gm@dimlist=\toks16
) (./blindtext.sty
Package: blindtext 2005/10/20 V1.5 blindtext-Package

(/usr/share/texlive/texmf-dist/tex/latex/tools/xspace.sty
Package: xspace 2014/10/28 v1.13 Space after command names (DPC,MH)
)
\c@blindtext=\count190
\c@Blindtext=\count191
\blind@countxx=\count192
\blindtext@numBlindtext=\count193
\blind@countyy=\count194
\c@blindlist=\count195
\c@blindlistlevel=\count196
\c@blindlist@level=\count197
\blind@listitem=\count198
\c@listcount=\count199
\c@blind@levelcount=\count266


Package blindtext Warning: You are not using babel.sty -> Language by random
(blindtext)                Kein babel.sty verwendet -> Zufallssprache on input 
line 226.

) (./paracol.sty
Package: paracol 2018/12/31 v1.35 
\pcol@currcol=\count267
\pcol@nextcol=\count268
\pcol@ncol=\count269
\pcol@ncolleft=\count270
\pcol@page=\count271
\pcol@basepage=\count272
\pcol@toppage=\count273
\pcol@footnotebase=\count274
\pcol@nfootnotes=\count275
\pcol@mcid=\count276
\pcol@prevdepth=\dimen147
\pcol@colht=\dimen148
\pcol@textfloatsep=\dimen149
\pcol@lrmargin=\dimen150
\pagerim=\dimen151
\pcol@topskip=\skip49
\belowfootnoteskip=\skip50
\pcol@topfnotes=\box47
\pcol@prespan=\box48
\pcol@rightpage=\box49
\pcol@colorstack@saved=\box50
\pcol@tempboxa=\box51
\pcol@tempboxb=\box52
\pcol@colorins=\insert252
\pcol@everyvbox=\toks17
) (./wrapfig.sty
\wrapoverhang=\dimen152
\WF@size=\dimen153
\c@WF@wrappedlines=\count277
\WF@box=\box53
\WF@everypar=\toks18
Package: wrapfig 2003/01/31  v 3.6
)
(/usr/share/texlive/texmf-dist/tex/latex/graphics/graphicx.sty
Package: graphicx 2020/09/09 v1.2b Enhanced LaTeX Graphics (DPC,SPQR)

(/usr/share/texlive/texmf-dist/tex/latex/graphics/graphics.sty
Package: graphics 2020/08/30 v1.4c Standard LaTeX Graphics (DPC,SPQR)

(/usr/share/texlive/texmf-dist/tex/latex/graphics/trig.sty
Package: trig 2016/01/03 v1.10 sin cos tan (DPC)
)
(/usr/share/texlive/texmf-dist/tex/latex/graphics-cfg/graphics.cfg
File: graphics.cfg 2016/06/04 v1.11 sample graphics configuration
)
Package graphics Info: Driver file: pdftex.def on input line 105.

(/usr/share/texlive/texmf-dist/tex/latex/graphics-def/pdftex.def
File: pdftex.def 2020/10/05 v1.2a Graphics/color driver for pdftex
))
\Gin@req@height=\dimen154
\Gin@req@width=\dimen155
)
(/usr/share/texlive/texmf-dist/tex/latex/xcolor/xcolor.sty
Package: xcolor 2016/05/11 v2.12 LaTeX color extensions (UK)

(/usr/share/texlive/texmf-dist/tex/latex/graphics-cfg/color.cfg
File: color.cfg 2016/01/02 v1.6 sample color configuration
)
Package xcolor Info: Driver file: pdftex.def on input line 225.
Package xcolor Info: Model `cmy' substituted by `cmy0' on input line 1348.
Package xcolor Info: Model `hsb' substituted by `rgb' on input line 1352.
Package xcolor Info: Model `RGB' extended on input line 1364.
Package xcolor Info: Model `HTML' substituted by `rgb' on input line 1366.
Package xcolor Info: Model `Hsb' substituted by `hsb' on input line 1367.
Package xcolor Info: Model `tHsb' substituted by `hsb' on input line 1368.
Package xcolor Info: Model `HSB' substituted by `hsb' on input line 1369.
Package xcolor Info: Model `Gray' substituted by `gray' on input line 1370.
Package xcolor Info: Model `wave' substituted by `hsb' on input line 1371.
)
(/usr/share/texlive/texmf-dist/tex/latex/hyperref/hyperref.sty
Package: hyperref 2021-02-27 v7.00k Hypertext links for LaTeX

(/usr/share/texlive/texmf-dist/tex/generic/ltxcmds/ltxcmds.sty
Package: ltxcmds 2020-05-10 v1.25 LaTeX kernel commands for general use (HO)
)
(/usr/share/texlive/texmf-dist/tex/generic/pdftexcmds/pdftexcmds.sty
Package: pdftexcmds 2020-06-27 v0.33 Utility functions of pdfTeX for LuaTeX (HO
)

(/usr/share/texlive/texmf-dist/tex/generic/infwarerr/infwarerr.sty
Package: infwarerr 2019/12/03 v1.5 Providing info/warning/error messages (HO)
)
Package pdftexcmds Info: \pdf@primitive is available.
Package pdftexcmds Info: \pdf@ifprimitive is available.
Package pdftexcmds Info: \pdfdraftmode found.
)
(/usr/share/texlive/texmf-dist/tex/generic/kvsetkeys/kvsetkeys.sty
Package: kvsetkeys 2019/12/15 v1.18 Key value parser (HO)
)
(/usr/share/texlive/texmf-dist/tex/generic/kvdefinekeys/kvdefinekeys.sty
Package: kvdefinekeys 2019-12-19 v1.6 Define keys (HO)
)
(/usr/share/texlive/texmf-dist/tex/generic/pdfescape/pdfescape.sty
Package: pdfescape 2019/12/09 v1.15 Implements pdfTeX's escape features (HO)
)
(/usr/share/texlive/texmf-dist/tex/latex/hycolor/hycolor.sty
Package: hycolor 2020-01-27 v1.10 Color options for hyperref/bookmark (HO)
)
(/usr/share/texlive/texmf-dist/tex/latex/letltxmacro/letltxmacro.sty
Package: letltxmacro 2019/12/03 v1.6 Let assignment for LaTeX macros (HO)
)
(/usr/share/texlive/texmf-dist/tex/latex/auxhook/auxhook.sty
Package: auxhook 2019-12-17 v1.6 Hooks for auxiliary files (HO)
)
(/usr/share/texlive/texmf-dist/tex/latex/kvoptions/kvoptions.sty
Package: kvoptions 2020-10-07 v3.14 Key value format for package options (HO)
)
\@linkdim=\dimen156
\Hy@linkcounter=\count278
\Hy@pagecounter=\count279

(/usr/share/texlive/texmf-dist/tex/latex/hyperref/pd1enc.def
File: pd1enc.def 2021-02-27 v7.00k Hyperref: PDFDocEncoding definition (HO)
Now handling font encoding PD1 ...
... no UTF-8 mapping file for font encoding PD1
)
(/usr/share/texlive/texmf-dist/tex/latex/hyperref/hyperref-langpatches.def
File: hyperref-langpatches.def 2021-02-27 v7.00k Hyperref: patches for babel la
nguages
)
(/usr/share/texlive/texmf-dist/tex/generic/intcalc/intcalc.sty
Package: intcalc 2019/12/15 v1.3 Expandable calculations with integers (HO)
)
(/usr/share/texlive/texmf-dist/tex/generic/etexcmds/etexcmds.sty
Package: etexcmds 2019/12/15 v1.7 Avoid name clashes with e-TeX commands (HO)
)
\Hy@SavedSpaceFactor=\count280

(/usr/share/texlive/texmf-dist/tex/latex/hyperref/puenc.def
File: puenc.def 2021-02-27 v7.00k Hyperref: PDF Unicode definition (HO)
Now handling font encoding PU ...
... no UTF-8 mapping file for font encoding PU
)
Package hyperref Info: Hyper figures OFF on input line 4192.
Package hyperref Info: Link nesting OFF on input line 4197.
Package hyperref Info: Hyper index ON on input line 4200.
Package hyperref Info: Plain pages OFF on input line 4207.
Package hyperref Info: Backreferencing OFF on input line 4212.
Package hyperref Info: Implicit mode ON; LaTeX internals redefined.
Package hyperref Info: Bookmarks ON on input line 4445.
\c@Hy@tempcnt=\count281

(/usr/share/texlive/texmf-dist/tex/latex/url/url.sty
\Urlmuskip=\muskip16
Package: url 2013/09/16  ver 3.4  Verb mode for urls, etc.
)
LaTeX Info: Redefining \url on input line 4804.
\XeTeXLinkMargin=\dimen157

(/usr/share/texlive/texmf-dist/tex/generic/bitset/bitset.sty
Package: bitset 2019/12/09 v1.3 Handle bit-vector datatype (HO)

(/usr/share/texlive/texmf-dist/tex/generic/bigintcalc/bigintcalc.sty
Package: bigintcalc 2019/12/15 v1.5 Expandable calculations on big integers (HO
)
))
\Fld@menulength=\count282
\Field@Width=\dimen158
\Fld@charsize=\dimen159
Package hyperref Info: Hyper figures OFF on input line 6075.
Package hyperref Info: Link nesting OFF on input line 6080.
Package hyperref Info: Hyper index ON on input line 6083.
Package hyperref Info: backreferencing OFF on input line 6090.
Package hyperref Info: Link coloring OFF on input line 6095.
Package hyperref Info: Link coloring with OCG OFF on input line 6100.
Package hyperref Info: PDF/A mode OFF on input line 6105.
LaTeX Info: Redefining \ref on input line 6145.
LaTeX Info: Redefining \pageref on input line 6149.

(/usr/share/texlive/texmf-dist/tex/latex/base/atbegshi-ltx.sty
Package: atbegshi-ltx 2020/08/17 v1.0a Emulation of the original atbegshi packa
ge
with kernel methods
)
\Hy@abspage=\count283
\c@Item=\count284
\c@Hfootnote=\count285
)
Package hyperref Info: Driver (autodetected): hpdftex.

(/usr/share/texlive/texmf-dist/tex/latex/hyperref/hpdftex.def
File: hpdftex.def 2021-02-27 v7.00k Hyperref driver for pdfTeX

(/usr/share/texlive/texmf-dist/tex/latex/base/atveryend-ltx.sty
Package: atveryend-ltx 2020/08/19 v1.0a Emulation of the original atvery packag
e
with kernel methods
)
\Fld@listcount=\count286
\c@bookmark@seq@number=\count287

(/usr/share/texlive/texmf-dist/tex/latex/rerunfilecheck/rerunfilecheck.sty
Package: rerunfilecheck 2019/12/05 v1.9 Rerun checks for auxiliary files (HO)

(/usr/share/texlive/texmf-dist/tex/generic/uniquecounter/uniquecounter.sty
Package: uniquecounter 2019/12/15 v1.4 Provide unlimited unique counter (HO)
)
Package uniquecounter Info: New unique counter `rerunfilecheck' on input line 2
86.
)
\Hy@SectionHShift=\skip51
)
(/usr/share/texlive/texmf-dist/tex/latex/fontawesome/fontawesome.sty
Package: fontawesome 2016/05/15 v4.6.3.1 font awesome icons

(/usr/share/texlive/texmf-dist/tex/generic/iftex/ifxetex.sty
Package: ifxetex 2019/10/25 v0.7 ifxetex legacy package. Use iftex instead.
)
(/usr/share/texlive/texmf-dist/tex/generic/iftex/ifluatex.sty
Package: ifluatex 2019/10/25 v1.5 ifluatex legacy package. Use iftex instead.
)
(/usr/share/texlive/texmf-dist/tex/latex/fontawesome/fontawesomesymbols-generic
.tex)
(/usr/share/texlive/texmf-dist/tex/latex/fontawesome/fontawesomesymbols-pdftex.
tex)) (/usr/share/texlive/texmf-dist/tex/latex/ragged2e/ragged2e.sty
Package: ragged2e 2021/02/05 v3.0 ragged2e Package

(/usr/share/texlive/texmf-dist/tex/latex/everysel/everysel.sty
Package: everysel 2021/01/20 v2.1 EverySelectfont Package (MS)

(/usr/share/texlive/texmf-dist/tex/latex/everysel/everysel-2011-10-28.sty))
\CenteringLeftskip=\skip52
\RaggedLeftLeftskip=\skip53
\RaggedRightLeftskip=\skip54
\CenteringRightskip=\skip55
\RaggedLeftRightskip=\skip56
\RaggedRightRightskip=\skip57
\CenteringParfillskip=\skip58
\RaggedLeftParfillskip=\skip59
\RaggedRightParfillskip=\skip60
\JustifyingParfillskip=\skip61
\CenteringParindent=\skip62
\RaggedLeftParindent=\skip63
\RaggedRightParindent=\skip64
\JustifyingParindent=\skip65
)
(/usr/share/texlive/texmf-dist/tex/latex/base/ifthen.sty
Package: ifthen 2014/09/29 v1.1c Standard LaTeX ifthen package (DPC)
)
(/usr/share/texlive/texmf-dist/tex/generic/xstring/xstring.sty
(/usr/share/texlive/texmf-dist/tex/generic/xstring/xstring.tex
\integerpart=\count288
\decimalpart=\count289
)
Package: xstring 2019/02/06 v1.83 String manipulations (CT)
)
(/usr/share/texlive/texmf-dist/tex/latex/xifthen/xifthen.sty
Package: xifthen 2015/11/05 v1.4.0 Extended ifthen features

(/usr/share/texlive/texmf-dist/tex/latex/tools/calc.sty
Package: calc 2017/05/25 v4.3 Infix arithmetic (KKT,FJ)
\calc@Acount=\count290
\calc@Bcount=\count291
\calc@Adimen=\dimen160
\calc@Bdimen=\dimen161
\calc@Askip=\skip66
\calc@Bskip=\skip67
LaTeX Info: Redefining \setlength on input line 80.
LaTeX Info: Redefining \addtolength on input line 81.
\calc@Ccount=\count292
\calc@Cskip=\skip68
)
(/usr/share/texlive/texmf-dist/tex/latex/ifmtarg/ifmtarg.sty
Package: ifmtarg 2018/04/16 v1.2b check for an empty argument
))
(/usr/share/texlive/texmf-dist/tex/latex/fancyhdr/fancyhdr.sty
Package: fancyhdr 2021/01/28 v4.0.1 Extensive control of page headers and foote
rs
\f@nch@headwidth=\skip69
\f@nch@O@elh=\skip70
\f@nch@O@erh=\skip71
\f@nch@O@olh=\skip72
\f@nch@O@orh=\skip73
\f@nch@O@elf=\skip74
\f@nch@O@erf=\skip75
\f@nch@O@olf=\skip76
\f@nch@O@orf=\skip77
)
(/usr/share/texlive/texmf-dist/tex/latex/graphics/lscape.sty
Package: lscape 2020/05/28 v3.02 Landscape Pages (DPC)
)
(/usr/share/texlive/texmf-dist/tex/latex/tcolorbox/tcolorbox.sty
Package: tcolorbox 2020/10/09 version 4.42 text color boxes

(/usr/share/texlive/texmf-dist/tex/latex/pgf/basiclayer/pgf.sty
(/usr/share/texlive/texmf-dist/tex/latex/pgf/utilities/pgfrcs.sty
(/usr/share/texlive/texmf-dist/tex/generic/pgf/utilities/pgfutil-common.tex
\pgfutil@everybye=\toks19
\pgfutil@tempdima=\dimen162
\pgfutil@tempdimb=\dimen163

(/usr/share/texlive/texmf-dist/tex/generic/pgf/utilities/pgfutil-common-lists.t
ex)) (/usr/share/texlive/texmf-dist/tex/generic/pgf/utilities/pgfutil-latex.def
\pgfutil@abb=\box54
) (/usr/share/texlive/texmf-dist/tex/generic/pgf/utilities/pgfrcs.code.tex
(/usr/share/texlive/texmf-dist/tex/generic/pgf/pgf.revision.tex)
Package: pgfrcs 2020/12/27 v3.1.8b (3.1.8b)
))
Package: pgf 2020/12/27 v3.1.8b (3.1.8b)

(/usr/share/texlive/texmf-dist/tex/latex/pgf/basiclayer/pgfcore.sty
(/usr/share/texlive/texmf-dist/tex/latex/pgf/systemlayer/pgfsys.sty
(/usr/share/texlive/texmf-dist/tex/generic/pgf/systemlayer/pgfsys.code.tex
Package: pgfsys 2020/12/27 v3.1.8b (3.1.8b)

(/usr/share/texlive/texmf-dist/tex/generic/pgf/utilities/pgfkeys.code.tex
\pgfkeys@pathtoks=\toks20
\pgfkeys@temptoks=\toks21

(/usr/share/texlive/texmf-dist/tex/generic/pgf/utilities/pgfkeysfiltered.code.t
ex
\pgfkeys@tmptoks=\toks22
))
\pgf@x=\dimen164
\pgf@y=\dimen165
\pgf@xa=\dimen166
\pgf@ya=\dimen167
\pgf@xb=\dimen168
\pgf@yb=\dimen169
\pgf@xc=\dimen170
\pgf@yc=\dimen171
\pgf@xd=\dimen172
\pgf@yd=\dimen173
\w@pgf@writea=\write3
\r@pgf@reada=\read2
\c@pgf@counta=\count293
\c@pgf@countb=\count294
\c@pgf@countc=\count295
\c@pgf@countd=\count296
\t@pgf@toka=\toks23
\t@pgf@tokb=\toks24
\t@pgf@tokc=\toks25
\pgf@sys@id@count=\count297
 (/usr/share/texlive/texmf-dist/tex/generic/pgf/systemlayer/pgf.cfg
File: pgf.cfg 2020/12/27 v3.1.8b (3.1.8b)
)
Driver file for pgf: pgfsys-pdftex.def

(/usr/share/texlive/texmf-dist/tex/generic/pgf/systemlayer/pgfsys-pdftex.def
File: pgfsys-pdftex.def 2020/12/27 v3.1.8b (3.1.8b)

(/usr/share/texlive/texmf-dist/tex/generic/pgf/systemlayer/pgfsys-common-pdf.de
f
File: pgfsys-common-pdf.def 2020/12/27 v3.1.8b (3.1.8b)
)))
(/usr/share/texlive/texmf-dist/tex/generic/pgf/systemlayer/pgfsyssoftpath.code.
tex
File: pgfsyssoftpath.code.tex 2020/12/27 v3.1.8b (3.1.8b)
\pgfsyssoftpath@smallbuffer@items=\count298
\pgfsyssoftpath@bigbuffer@items=\count299
)
(/usr/share/texlive/texmf-dist/tex/generic/pgf/systemlayer/pgfsysprotocol.code.
tex
File: pgfsysprotocol.code.tex 2020/12/27 v3.1.8b (3.1.8b)
))
(/usr/share/texlive/texmf-dist/tex/generic/pgf/basiclayer/pgfcore.code.tex
Package: pgfcore 2020/12/27 v3.1.8b (3.1.8b)

(/usr/share/texlive/texmf-dist/tex/generic/pgf/math/pgfmath.code.tex
(/usr/share/texlive/texmf-dist/tex/generic/pgf/math/pgfmathcalc.code.tex
(/usr/share/texlive/texmf-dist/tex/generic/pgf/math/pgfmathutil.code.tex)
(/usr/share/texlive/texmf-dist/tex/generic/pgf/math/pgfmathparser.code.tex
\pgfmath@dimen=\dimen174
\pgfmath@count=\count300
\pgfmath@box=\box55
\pgfmath@toks=\toks26
\pgfmath@stack@operand=\toks27
\pgfmath@stack@operation=\toks28
)
(/usr/share/texlive/texmf-dist/tex/generic/pgf/math/pgfmathfunctions.code.tex
(/usr/share/texlive/texmf-dist/tex/generic/pgf/math/pgfmathfunctions.basic.code
.tex)
(/usr/share/texlive/texmf-dist/tex/generic/pgf/math/pgfmathfunctions.trigonomet
ric.code.tex)
(/usr/share/texlive/texmf-dist/tex/generic/pgf/math/pgfmathfunctions.random.cod
e.tex)
(/usr/share/texlive/texmf-dist/tex/generic/pgf/math/pgfmathfunctions.comparison
.code.tex)
(/usr/share/texlive/texmf-dist/tex/generic/pgf/math/pgfmathfunctions.base.code.
tex)
(/usr/share/texlive/texmf-dist/tex/generic/pgf/math/pgfmathfunctions.round.code
.tex)
(/usr/share/texlive/texmf-dist/tex/generic/pgf/math/pgfmathfunctions.misc.code.
tex)
(/usr/share/texlive/texmf-dist/tex/generic/pgf/math/pgfmathfunctions.integerari
thmetics.code.tex)))
(/usr/share/texlive/texmf-dist/tex/generic/pgf/math/pgfmathfloat.code.tex
\c@pgfmathroundto@lastzeros=\count301
))
(/usr/share/texlive/texmf-dist/tex/generic/pgf/math/pgfint.code.tex)
(/usr/share/texlive/texmf-dist/tex/generic/pgf/basiclayer/pgfcorepoints.code.te
x
File: pgfcorepoints.code.tex 2020/12/27 v3.1.8b (3.1.8b)
\pgf@picminx=\dimen175
\pgf@picmaxx=\dimen176
\pgf@picminy=\dimen177
\pgf@picmaxy=\dimen178
\pgf@pathminx=\dimen179
\pgf@pathmaxx=\dimen180
\pgf@pathminy=\dimen181
\pgf@pathmaxy=\dimen182
\pgf@xx=\dimen183
\pgf@xy=\dimen184
\pgf@yx=\dimen185
\pgf@yy=\dimen186
\pgf@zx=\dimen187
\pgf@zy=\dimen188
)
(/usr/share/texlive/texmf-dist/tex/generic/pgf/basiclayer/pgfcorepathconstruct.
code.tex
File: pgfcorepathconstruct.code.tex 2020/12/27 v3.1.8b (3.1.8b)
\pgf@path@lastx=\dimen189
\pgf@path@lasty=\dimen190
)
(/usr/share/texlive/texmf-dist/tex/generic/pgf/basiclayer/pgfcorepathusage.code
.tex
File: pgfcorepathusage.code.tex 2020/12/27 v3.1.8b (3.1.8b)
\pgf@shorten@end@additional=\dimen191
\pgf@shorten@start@additional=\dimen192
)
(/usr/share/texlive/texmf-dist/tex/generic/pgf/basiclayer/pgfcorescopes.code.te
x
File: pgfcorescopes.code.tex 2020/12/27 v3.1.8b (3.1.8b)
\pgfpic=\box56
\pgf@hbox=\box57
\pgf@layerbox@main=\box58
\pgf@picture@serial@count=\count302
)
(/usr/share/texlive/texmf-dist/tex/generic/pgf/basiclayer/pgfcoregraphicstate.c
ode.tex
File: pgfcoregraphicstate.code.tex 2020/12/27 v3.1.8b (3.1.8b)
\pgflinewidth=\dimen193
)
(/usr/share/texlive/texmf-dist/tex/generic/pgf/basiclayer/pgfcoretransformation
s.code.tex
File: pgfcoretransformations.code.tex 2020/12/27 v3.1.8b (3.1.8b)
\pgf@pt@x=\dimen194
\pgf@pt@y=\dimen195
\pgf@pt@temp=\dimen196
)
(/usr/share/texlive/texmf-dist/tex/generic/pgf/basiclayer/pgfcorequick.code.tex
File: pgfcorequick.code.tex 2020/12/27 v3.1.8b (3.1.8b)
)
(/usr/share/texlive/texmf-dist/tex/generic/pgf/basiclayer/pgfcoreobjects.code.t
ex
File: pgfcoreobjects.code.tex 2020/12/27 v3.1.8b (3.1.8b)
)
(/usr/share/texlive/texmf-dist/tex/generic/pgf/basiclayer/pgfcorepathprocessing
.code.tex
File: pgfcorepathprocessing.code.tex 2020/12/27 v3.1.8b (3.1.8b)
)
(/usr/share/texlive/texmf-dist/tex/generic/pgf/basiclayer/pgfcorearrows.code.te
x
File: pgfcorearrows.code.tex 2020/12/27 v3.1.8b (3.1.8b)
\pgfarrowsep=\dimen197
)
(/usr/share/texlive/texmf-dist/tex/generic/pgf/basiclayer/pgfcoreshade.code.tex
File: pgfcoreshade.code.tex 2020/12/27 v3.1.8b (3.1.8b)
\pgf@max=\dimen198
\pgf@sys@shading@range@num=\count303
\pgf@shadingcount=\count304
)
(/usr/share/texlive/texmf-dist/tex/generic/pgf/basiclayer/pgfcoreimage.code.tex
File: pgfcoreimage.code.tex 2020/12/27 v3.1.8b (3.1.8b)

(/usr/share/texlive/texmf-dist/tex/generic/pgf/basiclayer/pgfcoreexternal.code.
tex
File: pgfcoreexternal.code.tex 2020/12/27 v3.1.8b (3.1.8b)
\pgfexternal@startupbox=\box59
))
(/usr/share/texlive/texmf-dist/tex/generic/pgf/basiclayer/pgfcorelayers.code.te
x
File: pgfcorelayers.code.tex 2020/12/27 v3.1.8b (3.1.8b)
)
(/usr/share/texlive/texmf-dist/tex/generic/pgf/basiclayer/pgfcoretransparency.c
ode.tex
File: pgfcoretransparency.code.tex 2020/12/27 v3.1.8b (3.1.8b)
)
(/usr/share/texlive/texmf-dist/tex/generic/pgf/basiclayer/pgfcorepatterns.code.
tex
File: pgfcorepatterns.code.tex 2020/12/27 v3.1.8b (3.1.8b)
)
(/usr/share/texlive/texmf-dist/tex/generic/pgf/basiclayer/pgfcorerdf.code.tex
File: pgfcorerdf.code.tex 2020/12/27 v3.1.8b (3.1.8b)
)))
(/usr/share/texlive/texmf-dist/tex/generic/pgf/modules/pgfmoduleshapes.code.tex
File: pgfmoduleshapes.code.tex 2020/12/27 v3.1.8b (3.1.8b)
\pgfnodeparttextbox=\box60
) (/usr/share/texlive/texmf-dist/tex/generic/pgf/modules/pgfmoduleplot.code.tex
File: pgfmoduleplot.code.tex 2020/12/27 v3.1.8b (3.1.8b)
)
(/usr/share/texlive/texmf-dist/tex/latex/pgf/compatibility/pgfcomp-version-0-65
.sty
Package: pgfcomp-version-0-65 2020/12/27 v3.1.8b (3.1.8b)
\pgf@nodesepstart=\dimen199
\pgf@nodesepend=\dimen256
)
(/usr/share/texlive/texmf-dist/tex/latex/pgf/compatibility/pgfcomp-version-1-18
.sty
Package: pgfcomp-version-1-18 2020/12/27 v3.1.8b (3.1.8b)
)) (/usr/share/texlive/texmf-dist/tex/latex/tools/verbatim.sty
Package: verbatim 2020-07-07 v1.5u LaTeX2e package for verbatim enhancements
\every@verbatim=\toks29
\verbatim@line=\toks30
\verbatim@in@stream=\read3
)
(/usr/share/texlive/texmf-dist/tex/latex/environ/environ.sty
Package: environ 2014/05/04 v0.3 A new way to define environments

(/usr/share/texlive/texmf-dist/tex/latex/trimspaces/trimspaces.sty
Package: trimspaces 2009/09/17 v1.1 Trim spaces around a token list
)
\@envbody=\toks31
)
(/usr/share/texlive/texmf-dist/tex/latex/etoolbox/etoolbox.sty
Package: etoolbox 2020/10/05 v2.5k e-TeX tools for LaTeX (JAW)
\etb@tempcnta=\count305
)
\tcb@titlebox=\box61
\tcb@upperbox=\box62
\tcb@lowerbox=\box63
\tcb@phantombox=\box64
\c@tcbbreakpart=\count306
\c@tcblayer=\count307
\c@tcolorbox@number=\count308
\tcb@temp=\box65
\tcb@temp=\box66
\tcb@temp=\box67
\tcb@temp=\box68
\tcb@out=\write4
\tcb@record@out=\write5
)
(/usr/share/texlive/texmf-dist/tex/latex/placeins/placeins.sty
Package: placeins 2005/04/18  v 2.2
)
Package hyperref Info: Option `colorlinks' set `true' on input line 36.
)
(./Preambulo/Define.tex) (./Preambulo/Comandos.tex)
(/usr/share/texlive/texmf-dist/tex/latex/l3backend/l3backend-pdftex.def
File: l3backend-pdftex.def 2021-03-18 L3 backend support: PDF output (pdfTeX)
\l__color_backend_stack_int=\count309
\l__pdf_internal_box=\box69
)
(./main.aux (./1.-Perfil/0.-Perfil.aux) (./2.-Estudios/0.-Estudios.aux)
(./3.-Ponencias/0.-Ponencias.aux) (./4.-Meritos/0.-Meritos.aux)
(./5.-Publicaciones/0.-Publicaciones.aux) (./6.-Experiencia/0.-Experiencia.aux)
(./7.-Referencias/0.-Referencias.aux) (./8.-Documentos/0.-Documentos.aux)
(./9.-Certificados/0.-Certificados.aux))
\openout1 = `main.aux'.

LaTeX Font Info:    Checking defaults for OML/cmm/m/it on input line 6.
LaTeX Font Info:    ... okay on input line 6.
LaTeX Font Info:    Checking defaults for OMS/cmsy/m/n on input line 6.
LaTeX Font Info:    ... okay on input line 6.
LaTeX Font Info:    Checking defaults for OT1/cmr/m/n on input line 6.
LaTeX Font Info:    ... okay on input line 6.
LaTeX Font Info:    Checking defaults for T1/cmr/m/n on input line 6.
LaTeX Font Info:    ... okay on input line 6.
LaTeX Font Info:    Checking defaults for TS1/cmr/m/n on input line 6.
LaTeX Font Info:    ... okay on input line 6.
LaTeX Font Info:    Checking defaults for OMX/cmex/m/n on input line 6.
LaTeX Font Info:    ... okay on input line 6.
LaTeX Font Info:    Checking defaults for U/cmr/m/n on input line 6.
LaTeX Font Info:    ... okay on input line 6.
LaTeX Font Info:    Checking defaults for PD1/pdf/m/n on input line 6.
LaTeX Font Info:    ... okay on input line 6.
LaTeX Font Info:    Checking defaults for PU/pdf/m/n on input line 6.
LaTeX Font Info:    ... okay on input line 6.

*geometry* driver: auto-detecting
*geometry* detected driver: pdftex
*geometry* verbose mode - [ preamble ] result:
* driver: pdftex
* paper: a4paper
* layout: <same size as paper>
* layoutoffset:(h,v)=(0.0pt,0.0pt)
* modes: 
* h-part:(L,W,R)=(71.13188pt, 455.24408pt, 71.13191pt)
* v-part:(T,H,B)=(56.9055pt, 731.23582pt, 56.90552pt)
* \paperwidth=597.50787pt
* \paperheight=845.04684pt
* \textwidth=455.24408pt
* \textheight=731.23582pt
* \oddsidemargin=-1.1381pt
* \evensidemargin=-1.1381pt
* \topmargin=-52.36449pt
* \headheight=12.0pt
* \headsep=25.0pt
* \topskip=10.0pt
* \footskip=30.0pt
* \marginparwidth=65.0pt
* \marginparsep=11.0pt
* \columnsep=10.0pt
* \skip\footins=9.0pt plus 4.0pt minus 2.0pt
* \hoffset=0.0pt
* \voffset=0.0pt
* \mag=1000
* \@twocolumnfalse
* \@twosidefalse
* \@mparswitchfalse
* \@reversemarginfalse
* (1in=72.27pt=25.4mm, 1cm=28.453pt)

(/usr/share/texlive/texmf-dist/tex/context/base/mkii/supp-pdf.mkii
[Loading MPS to PDF converter (version 2006.09.02).]
\scratchcounter=\count310
\scratchdimen=\dimen257
\scratchbox=\box70
\nofMPsegments=\count311
\nofMParguments=\count312
\everyMPshowfont=\toks32
\MPscratchCnt=\count313
\MPscratchDim=\dimen258
\MPnumerator=\count314
\makeMPintoPDFobject=\count315
\everyMPtoPDFconversion=\toks33
) (/usr/share/texlive/texmf-dist/tex/latex/epstopdf-pkg/epstopdf-base.sty
Package: epstopdf-base 2020-01-24 v2.11 Base part for package epstopdf
Package epstopdf-base Info: Redefining graphics rule for `.eps' on input line 4
85.

(/usr/share/texlive/texmf-dist/tex/latex/latexconfig/epstopdf-sys.cfg
File: epstopdf-sys.cfg 2010/07/13 v1.3 Configuration of (r)epstopdf for TeX Liv
e
))
Package hyperref Info: Link coloring ON on input line 6.

(/usr/share/texlive/texmf-dist/tex/latex/hyperref/nameref.sty
Package: nameref 2021-04-02 v2.47 Cross-referencing by name of section

(/usr/share/texlive/texmf-dist/tex/latex/refcount/refcount.sty
Package: refcount 2019/12/15 v3.6 Data extraction from label references (HO)
)
(/usr/share/texlive/texmf-dist/tex/generic/gettitlestring/gettitlestring.sty
Package: gettitlestring 2019/12/15 v1.6 Cleanup title references (HO)
)
\c@section@level=\count316
)
LaTeX Info: Redefining \ref on input line 6.
LaTeX Info: Redefining \pageref on input line 6.
LaTeX Info: Redefining \nameref on input line 6.

(./main.out) (./main.out)
\@outlinefile=\write6
\openout6 = `main.out'.

 ABD: EverySelectfont initializing macros
LaTeX Info: Redefining \selectfont on input line 6.

(./0.-Portada/0.-Portada.tex (./0.-Portada/Contactos.tex
LaTeX Font Info:    Trying to load font information for U+fontawesomeone on inp
ut line 8.

(/usr/share/texlive/texmf-dist/tex/latex/fontawesome/ufontawesomeone.fd
File: ufontawesomeone.fd 2016/05/22 Font definitions for U/fontawesomeone.
)
LaTeX Font Info:    External font `cmex10' loaded for size
(Font)              <7> on input line 8.
LaTeX Font Info:    External font `cmex10' loaded for size
(Font)              <5> on input line 8.
LaTeX Font Info:    Trying to load font information for U+fontawesometwo on inp
ut line 9.

(/usr/share/texlive/texmf-dist/tex/latex/fontawesome/ufontawesometwo.fd
File: ufontawesometwo.fd 2016/05/22 Font definitions for U/fontawesometwo.
)
Overfull \hbox (328.35185pt too wide) in paragraph at lines 8--13
[]$[]$   $[]$ 
 []


Overfull \hbox (328.35185pt too wide) in paragraph at lines 8--13
[]$   $[]$ 
 []


Overfull \hbox (328.35185pt too wide) in paragraph at lines 8--13
[]$   $[]$ 
 []


Overfull \hbox (328.35185pt too wide) in paragraph at lines 8--13
[]$   $[]$
 []


Underfull \hbox (badness 10000) in paragraph at lines 8--13

 []

<Imagenes/Portada/qr_wt.png, id=13, 222.8325pt x 222.8325pt>
File: Imagenes/Portada/qr_wt.png Graphic file (type png)
<use Imagenes/Portada/qr_wt.png>
Package pdftex.def Info: Imagenes/Portada/qr_wt.png  used on input line 22.
(pdftex.def)             Requested size: 91.04742pt x 91.0457pt.
) (./0.-Portada/Formacion.tex
Overfull \hbox (31.8704pt too wide) in paragraph at lines 3--3
[] 
 []

<./Imagenes//Portada/Foto.png, id=14, 162.6075pt x 203.76125pt>
File: ./Imagenes//Portada/Foto.png Graphic file (type png)
<use ./Imagenes//Portada/Foto.png>
Package pdftex.def Info: ./Imagenes//Portada/Foto.png  used on input line 18.
(pdftex.def)             Requested size: 91.04742pt x 114.09308pt.

Overfull \hbox (9.10683pt too wide) in paragraph at lines 18--19
 [] 
 []


Underfull \hbox (badness 1014) in paragraph at lines 21--23
[][]\OT1/cmr/m/n/10 Soy un ide-al-ista con
 []


Underfull \hbox (badness 1590) in paragraph at lines 21--23
\OT1/cmr/m/n/10 en el de-sar-rollo de sis-
 []


Overfull \hbox (1.41142pt too wide) in paragraph at lines 21--23
\OT1/cmr/m/n/10 cente Co-or-di-nador del ^^Sarea
 []


Underfull \hbox (badness 4886) in paragraph at lines 21--23
\OT1/cmr/m/n/10 acad^^Semica de In-dus-tria
 []


Overfull \hbox (3.82813pt too wide) in paragraph at lines 21--23
\OT1/cmr/m/n/10 Tec-nolog^^S^^Pa y Co-mu-ni-caci^^Son
 []


Overfull \hbox (9.10683pt too wide) in paragraph at lines 30--30
[]$[]$| 
 []


Overfull \hbox (2.89317pt too wide) in alignment at lines 30--30
[]
 []


Overfull \hbox (238.29181pt too wide) in paragraph at lines 30--30
[][]
 []


Underfull \hbox (badness 10000) in paragraph at lines 30--30

 []


Overfull \hbox (8.18484pt too wide) in alignment at lines 38--38
[][]
 []


Overfull \hbox (28.87646pt too wide) in paragraph at lines 39--39
[] 
 []


Overfull \hbox (8.18484pt too wide) in alignment at lines 48--48
[][]
 []


Overfull \hbox (28.87646pt too wide) in paragraph at lines 49--49
[] 
 []


Overfull \hbox (9.10681pt too wide) in paragraph at lines 54--55
[][][]
 []

) (./0.-Portada/Personal.tex
Underfull \hbox (badness 10000) in paragraph at lines 20--21

 []

LaTeX Font Info:    External font `cmex10' loaded for size
(Font)              <14.4> on input line 22.
)) [1

{/usr/share/texlive/texmf-dist/fonts/map/pdftex/updmap/pdftex.map} <./Imagenes/
Portada/qr_wt.png> <./Imagenes//Portada/Foto.png>]
\openout2 = `1.-Perfil/0.-Perfil.aux'.


(./1.-Perfil/0.-Perfil.tex
Overfull \hbox (31.8704pt too wide) in paragraph at lines 4--4
 [] 
 []


Overfull \hbox (9.10683pt too wide) in paragraph at lines 17--17
[]$[]$| 
 []


Overfull \hbox (2.89317pt too wide) in alignment at lines 17--17
[]
 []


Overfull \hbox (216.59528pt too wide) in paragraph at lines 17--17
 [][] 
 []


Overfull \hbox (8.18484pt too wide) in alignment at lines 24--24
[][]
 []


Overfull \hbox (7.17993pt too wide) in paragraph at lines 26--26
 [] 
 []


Overfull \hbox (9.10683pt too wide) in paragraph at lines 28--28
[]$[]$| 
 []


Overfull \hbox (2.89317pt too wide) in alignment at lines 28--28
[]
 []


Overfull \hbox (216.59528pt too wide) in paragraph at lines 28--28
 [][] 
 []


Overfull \hbox (8.18484pt too wide) in alignment at lines 35--35
[][]
 []


Overfull \hbox (7.17993pt too wide) in paragraph at lines 36--36
 [] 
 []


Overfull \hbox (9.10683pt too wide) in paragraph at lines 38--38
[]$[]$| 
 []


Overfull \hbox (2.89317pt too wide) in alignment at lines 38--38
[]
 []


Overfull \hbox (216.59528pt too wide) in paragraph at lines 38--38
 [][] 
 []


Overfull \hbox (8.18484pt too wide) in alignment at lines 45--45
[][]
 []


Overfull \hbox (7.17993pt too wide) in paragraph at lines 47--47
 [] 
 []


Overfull \hbox (9.10683pt too wide) in paragraph at lines 50--50
[]$[]$| 
 []


Overfull \hbox (2.89317pt too wide) in alignment at lines 50--50
[]
 []


Overfull \hbox (216.59528pt too wide) in paragraph at lines 50--50
 [][] 
 []


Overfull \hbox (8.18484pt too wide) in alignment at lines 57--57
[][]
 []


Overfull \hbox (7.17993pt too wide) in paragraph at lines 59--59
 [] 
 []


Overfull \hbox (9.10683pt too wide) in paragraph at lines 67--67
[]$[]$| 
 []


Overfull \hbox (2.89317pt too wide) in alignment at lines 67--67
[]
 []


Overfull \hbox (259.98836pt too wide) in paragraph at lines 67--67
 [][] 
 []


Overfull \hbox (8.18484pt too wide) in alignment at lines 77--77
[][]
 []


Overfull \hbox (50.57301pt too wide) in paragraph at lines 78--78
 [] 
 []


Overfull \hbox (9.10683pt too wide) in paragraph at lines 80--80
[]$[]$| 
 []


Overfull \hbox (2.89317pt too wide) in alignment at lines 80--80
[]
 []


Overfull \hbox (259.98836pt too wide) in paragraph at lines 80--80
 [][] 
 []


Overfull \hbox (8.18484pt too wide) in alignment at lines 87--87
[][]
 []


Overfull \hbox (50.57301pt too wide) in paragraph at lines 88--88
 [] 
 []


Overfull \hbox (9.10683pt too wide) in paragraph at lines 90--90
[]$[]$| 
 []


Overfull \hbox (2.89317pt too wide) in alignment at lines 90--90
[]
 []


Overfull \hbox (259.98836pt too wide) in paragraph at lines 90--90
 [][] 
 []


Overfull \hbox (8.18484pt too wide) in alignment at lines 98--98
[][]
 []


Overfull \hbox (50.57301pt too wide) in paragraph at lines 99--99
 [] 
 []


Overfull \hbox (9.10683pt too wide) in paragraph at lines 105--105
[]$[]$| 
 []


Overfull \hbox (2.89317pt too wide) in alignment at lines 105--105
[]
 []


Overfull \hbox (259.98836pt too wide) in paragraph at lines 105--105
 [][] 
 []


Overfull \hbox (8.18484pt too wide) in alignment at lines 112--112
[][]
 []


Overfull \hbox (50.57301pt too wide) in paragraph at lines 114--114
 [] 
 []


Overfull \hbox (9.10681pt too wide) in paragraph at lines 121--122
 [][][] 
 []

) [2

]
\openout2 = `2.-Estudios/0.-Estudios.aux'.

 (./2.-Estudios/0.-Estudios.tex
Overfull \hbox (31.8704pt too wide) in paragraph at lines 3--3
 [] 
 []


Underfull \hbox (badness 10000) in paragraph at lines 8--8

 []


Overfull \hbox (9.10683pt too wide) in paragraph at lines 8--8
[]$[]$| 
 []


Overfull \hbox (2.89317pt too wide) in alignment at lines 8--8
[]
 []

(./2.-Estudios/1.-main.tex
Overfull \hbox (7.0274pt too wide) in alignment at lines 8--8
[][]
 []


Underfull \hbox (badness 10000) in paragraph at lines 8--8

 []


Underfull \hbox (badness 10000) in paragraph at lines 8--8

 []


Underfull \hbox (badness 10000) in paragraph at lines 8--8

 []


Overfull \hbox (31.8704pt too wide) in paragraph at lines 9--9
 [] 
 []


Overfull \hbox (7.0274pt too wide) in alignment at lines 19--19
[][]
 []


Underfull \hbox (badness 10000) in paragraph at lines 19--19

 []


Underfull \hbox (badness 10000) in paragraph at lines 19--19

 []


Underfull \hbox (badness 10000) in paragraph at lines 19--19

 []


Overfull \hbox (31.8704pt too wide) in paragraph at lines 20--20
 [] 
 []


Overfull \hbox (7.0274pt too wide) in alignment at lines 30--30
[][]
 []


Underfull \hbox (badness 10000) in paragraph at lines 30--30

 []


Underfull \hbox (badness 10000) in paragraph at lines 30--30

 []


Underfull \hbox (badness 10000) in paragraph at lines 30--30

 []


Overfull \hbox (31.8704pt too wide) in paragraph at lines 31--31
 [] 
 []


Overfull \hbox (7.0274pt too wide) in alignment at lines 40--40
[][]
 []


Underfull \hbox (badness 10000) in paragraph at lines 40--40

 []


Underfull \hbox (badness 10000) in paragraph at lines 40--40

 []


Underfull \hbox (badness 10000) in paragraph at lines 40--40

 []


Overfull \hbox (31.8704pt too wide) in paragraph at lines 41--41
 [] 
 []


Overfull \hbox (7.0274pt too wide) in alignment at lines 51--51
[][]
 []


Underfull \hbox (badness 10000) in paragraph at lines 51--51

 []


Underfull \hbox (badness 10000) in paragraph at lines 51--51

 []


Underfull \hbox (badness 10000) in paragraph at lines 51--51

 []


Overfull \hbox (31.8704pt too wide) in paragraph at lines 52--52
 [] 
 []


Overfull \hbox (7.0274pt too wide) in alignment at lines 61--61
[][]
 []


Underfull \hbox (badness 10000) in paragraph at lines 61--61

 []


Underfull \hbox (badness 10000) in paragraph at lines 61--61

 []


Underfull \hbox (badness 10000) in paragraph at lines 61--61

 []


Overfull \hbox (31.8704pt too wide) in paragraph at lines 62--62
 [] 
 []


Overfull \hbox (7.0274pt too wide) in alignment at lines 71--71
[][]
 []


Underfull \hbox (badness 10000) in paragraph at lines 71--71

 []


Underfull \hbox (badness 10000) in paragraph at lines 71--71

 []


Underfull \hbox (badness 10000) in paragraph at lines 71--71

 []


Overfull \hbox (31.8704pt too wide) in paragraph at lines 72--72
 [] 
 []


Overfull \hbox (7.0274pt too wide) in alignment at lines 81--81
[][]
 []


Underfull \hbox (badness 10000) in paragraph at lines 81--81

 []


Underfull \hbox (badness 10000) in paragraph at lines 81--81

 []


Underfull \hbox (badness 10000) in paragraph at lines 81--81

 []


Overfull \hbox (31.8704pt too wide) in paragraph at lines 82--82
 [] 
 []


Overfull \hbox (7.0274pt too wide) in alignment at lines 91--91
[][]
 []


Underfull \hbox (badness 10000) in paragraph at lines 91--91

 []


Underfull \hbox (badness 10000) in paragraph at lines 91--91

 []


Underfull \hbox (badness 10000) in paragraph at lines 91--91

 []


Overfull \hbox (31.8704pt too wide) in paragraph at lines 92--92
 [] 
 []

) [3



] (./2.-Estudios/2.-release.tex
Overfull \hbox (7.0274pt too wide) in alignment at lines 8--8
[][]
 []


Underfull \hbox (badness 10000) in paragraph at lines 8--8

 []


Underfull \hbox (badness 10000) in paragraph at lines 8--8

 []


Underfull \hbox (badness 10000) in paragraph at lines 8--8

 []


Overfull \hbox (31.8704pt too wide) in paragraph at lines 9--9
 [] 
 []


Overfull \hbox (7.0274pt too wide) in alignment at lines 18--18
[][]
 []


Underfull \hbox (badness 10000) in paragraph at lines 18--18

 []


Underfull \hbox (badness 10000) in paragraph at lines 18--18

 []


Underfull \hbox (badness 10000) in paragraph at lines 18--18

 []


Overfull \hbox (31.8704pt too wide) in paragraph at lines 19--19
 [] 
 []


Overfull \hbox (7.0274pt too wide) in alignment at lines 29--29
[][]
 []


Underfull \hbox (badness 10000) in paragraph at lines 29--29

 []


Underfull \hbox (badness 10000) in paragraph at lines 29--29

 []


Underfull \hbox (badness 10000) in paragraph at lines 29--29

 []


Overfull \hbox (31.8704pt too wide) in paragraph at lines 30--30
 [] 
 []


Overfull \hbox (7.0274pt too wide) in alignment at lines 39--39
[][]
 []


Underfull \hbox (badness 10000) in paragraph at lines 39--39

 []


Underfull \hbox (badness 10000) in paragraph at lines 39--39

 []


Underfull \hbox (badness 10000) in paragraph at lines 39--39

 []


Overfull \hbox (31.8704pt too wide) in paragraph at lines 40--40
 [] 
 []


Overfull \hbox (7.0274pt too wide) in alignment at lines 49--49
[][]
 []


Underfull \hbox (badness 10000) in paragraph at lines 49--49

 []


Underfull \hbox (badness 10000) in paragraph at lines 49--49

 []


Underfull \hbox (badness 10000) in paragraph at lines 49--49

 []


Overfull \hbox (31.8704pt too wide) in paragraph at lines 50--50
 [] 
 []


Overfull \hbox (7.0274pt too wide) in alignment at lines 59--59
[][]
 []


Underfull \hbox (badness 10000) in paragraph at lines 59--59

 []


Underfull \hbox (badness 10000) in paragraph at lines 59--59

 []


Underfull \hbox (badness 10000) in paragraph at lines 59--59

 []


Overfull \hbox (31.8704pt too wide) in paragraph at lines 60--60
 [] 
 []


Overfull \hbox (7.0274pt too wide) in alignment at lines 70--70
[][]
 []


Underfull \hbox (badness 10000) in paragraph at lines 70--70

 []


Underfull \hbox (badness 10000) in paragraph at lines 70--70

 []


Underfull \hbox (badness 10000) in paragraph at lines 70--70

 []


Overfull \hbox (31.8704pt too wide) in paragraph at lines 71--71
 [] 
 []


Overfull \hbox (7.0274pt too wide) in alignment at lines 80--80
[][]
 []


Underfull \hbox (badness 10000) in paragraph at lines 80--80

 []


Underfull \hbox (badness 10000) in paragraph at lines 80--80

 []


Underfull \hbox (badness 10000) in paragraph at lines 80--80

 []


Overfull \hbox (31.8704pt too wide) in paragraph at lines 81--81
 [] 
 []


Overfull \hbox (7.0274pt too wide) in alignment at lines 90--90
[][]
 []


Underfull \hbox (badness 10000) in paragraph at lines 90--90

 []


Underfull \hbox (badness 10000) in paragraph at lines 90--90

 []


Underfull \hbox (badness 10000) in paragraph at lines 90--90

 []


Overfull \hbox (31.8704pt too wide) in paragraph at lines 91--91
 [] 
 []


Overfull \hbox (7.0274pt too wide) in alignment at lines 101--101
[][]
 []


Underfull \hbox (badness 10000) in paragraph at lines 101--101

 []


Underfull \hbox (badness 10000) in paragraph at lines 101--101

 []


Underfull \hbox (badness 10000) in paragraph at lines 101--101

 []


Overfull \hbox (31.8704pt too wide) in paragraph at lines 102--102
 [] 
 []


Overfull \hbox (7.0274pt too wide) in alignment at lines 111--111
[][]
 []


Underfull \hbox (badness 10000) in paragraph at lines 111--111

 []


Underfull \hbox (badness 10000) in paragraph at lines 111--111

 []


Underfull \hbox (badness 10000) in paragraph at lines 111--111

 []


Overfull \hbox (31.8704pt too wide) in paragraph at lines 112--112
 [] 
 []

[4]
Overfull \hbox (7.0274pt too wide) in alignment at lines 121--121
[][]
 []


Underfull \hbox (badness 10000) in paragraph at lines 121--121

 []


Underfull \hbox (badness 10000) in paragraph at lines 121--121

 []


Underfull \hbox (badness 10000) in paragraph at lines 121--121

 []


Overfull \hbox (31.8704pt too wide) in paragraph at lines 122--122
 [] 
 []


Overfull \hbox (7.0274pt too wide) in alignment at lines 132--132
[][]
 []


Underfull \hbox (badness 10000) in paragraph at lines 132--132

 []


Underfull \hbox (badness 10000) in paragraph at lines 132--132

 []


Underfull \hbox (badness 10000) in paragraph at lines 132--132

 []


Overfull \hbox (31.8704pt too wide) in paragraph at lines 133--133
 [] 
 []

)) [5]
\openout2 = `3.-Ponencias/0.-Ponencias.aux'.

 (./3.-Ponencias/0.-Ponencias.tex
Overfull \hbox (31.8704pt too wide) in paragraph at lines 4--4
 [] 
 []


Underfull \hbox (badness 10000) in paragraph at lines 7--7

 []


Overfull \hbox (9.10683pt too wide) in paragraph at lines 7--7
[]$[]$| 
 []


Overfull \hbox (2.89317pt too wide) in alignment at lines 7--7
[]
 []


Overfull \hbox (7.0274pt too wide) in alignment at lines 14--14
[][]
 []


Underfull \hbox (badness 10000) in paragraph at lines 14--14

 []


Underfull \hbox (badness 10000) in paragraph at lines 14--14

 []


Underfull \hbox (badness 10000) in paragraph at lines 14--14

 []


Overfull \hbox (31.8704pt too wide) in paragraph at lines 15--15
 [] 
 []


Underfull \hbox (badness 10000) in paragraph at lines 17--17

 []


Overfull \hbox (9.10683pt too wide) in paragraph at lines 17--17
[]$[]$| 
 []


Overfull \hbox (2.89317pt too wide) in alignment at lines 17--17
[]
 []


Overfull \hbox (7.0274pt too wide) in alignment at lines 24--24
[][]
 []


Underfull \hbox (badness 10000) in paragraph at lines 24--24

 []


Underfull \hbox (badness 10000) in paragraph at lines 24--24

 []


Underfull \hbox (badness 10000) in paragraph at lines 24--24

 []


Overfull \hbox (31.8704pt too wide) in paragraph at lines 25--25
 [] 
 []


Underfull \hbox (badness 10000) in paragraph at lines 27--27

 []


Overfull \hbox (9.10683pt too wide) in paragraph at lines 27--27
[]$[]$| 
 []


Overfull \hbox (2.89317pt too wide) in alignment at lines 27--27
[]
 []


Overfull \hbox (7.0274pt too wide) in alignment at lines 34--34
[][]
 []


Underfull \hbox (badness 10000) in paragraph at lines 34--34

 []


Underfull \hbox (badness 10000) in paragraph at lines 34--34

 []


Underfull \hbox (badness 10000) in paragraph at lines 34--34

 []


Overfull \hbox (31.8704pt too wide) in paragraph at lines 35--35
 [] 
 []


Underfull \hbox (badness 10000) in paragraph at lines 38--38

 []


Overfull \hbox (9.10683pt too wide) in paragraph at lines 38--38
[]$[]$| 
 []


Overfull \hbox (2.89317pt too wide) in alignment at lines 38--38
[]
 []


Overfull \hbox (7.0274pt too wide) in alignment at lines 45--45
[][]
 []


Underfull \hbox (badness 10000) in paragraph at lines 45--45

 []


Underfull \hbox (badness 10000) in paragraph at lines 45--45

 []


Underfull \hbox (badness 10000) in paragraph at lines 45--45

 []


Overfull \hbox (31.8704pt too wide) in paragraph at lines 46--46
 [] 
 []

[6



])
\openout2 = `4.-Meritos/0.-Meritos.aux'.

 (./4.-Meritos/0.-Meritos.tex
Overfull \hbox (31.8704pt too wide) in paragraph at lines 4--4
 [] 
 []


Overfull \hbox (7.0274pt too wide) in alignment at lines 13--13
[][]
 []


Underfull \hbox (badness 10000) in paragraph at lines 13--13

 []


Underfull \hbox (badness 10000) in paragraph at lines 13--13

 []


Underfull \hbox (badness 10000) in paragraph at lines 13--13

 []


Overfull \hbox (31.8704pt too wide) in paragraph at lines 14--14
 [] 
 []


Overfull \hbox (7.0274pt too wide) in alignment at lines 24--24
[][]
 []


Underfull \hbox (badness 10000) in paragraph at lines 24--24

 []


Underfull \hbox (badness 10000) in paragraph at lines 24--24

 []


Underfull \hbox (badness 10000) in paragraph at lines 24--24

 []


Overfull \hbox (31.8704pt too wide) in paragraph at lines 25--25
 [] 
 []


Overfull \hbox (7.0274pt too wide) in alignment at lines 33--33
[][]
 []


Underfull \hbox (badness 10000) in paragraph at lines 33--33

 []


Underfull \hbox (badness 10000) in paragraph at lines 33--33

 []


Underfull \hbox (badness 10000) in paragraph at lines 33--33

 []


Overfull \hbox (31.8704pt too wide) in paragraph at lines 34--34
 [] 
 []


Overfull \hbox (7.0274pt too wide) in alignment at lines 42--42
[][]
 []


Underfull \hbox (badness 10000) in paragraph at lines 42--42

 []


Underfull \hbox (badness 10000) in paragraph at lines 42--42

 []


Underfull \hbox (badness 10000) in paragraph at lines 42--42

 []


Overfull \hbox (31.8704pt too wide) in paragraph at lines 43--43
 [] 
 []


Overfull \hbox (7.0274pt too wide) in alignment at lines 52--52
[][]
 []


Underfull \hbox (badness 10000) in paragraph at lines 52--52

 []


Underfull \hbox (badness 10000) in paragraph at lines 52--52

 []


Underfull \hbox (badness 10000) in paragraph at lines 52--52

 []


Overfull \hbox (31.8704pt too wide) in paragraph at lines 53--53
 [] 
 []


Overfull \hbox (7.0274pt too wide) in alignment at lines 62--62
[][]
 []


Underfull \hbox (badness 10000) in paragraph at lines 62--62

 []


Underfull \hbox (badness 10000) in paragraph at lines 62--62

 []


Underfull \hbox (badness 10000) in paragraph at lines 62--62

 []


Overfull \hbox (31.8704pt too wide) in paragraph at lines 63--63
 [] 
 []

[7



])
\openout2 = `5.-Publicaciones/0.-Publicaciones.aux'.

 (./5.-Publicaciones/0.-Publicaciones.tex
Overfull \hbox (31.8704pt too wide) in paragraph at lines 4--4
 [] 
 []


Underfull \hbox (badness 10000) in paragraph at lines 6--6

 []


Overfull \hbox (9.10683pt too wide) in paragraph at lines 6--6
[]$[]$| 
 []


Overfull \hbox (2.89317pt too wide) in alignment at lines 6--6
[]
 []


Overfull \hbox (7.0274pt too wide) in alignment at lines 18--18
[][]
 []


Underfull \hbox (badness 10000) in paragraph at lines 18--18

 []


Underfull \hbox (badness 10000) in paragraph at lines 18--18

 []


Underfull \hbox (badness 10000) in paragraph at lines 18--18

 []


Overfull \hbox (31.8704pt too wide) in paragraph at lines 19--19
 [] 
 []


Overfull \hbox (7.0274pt too wide) in alignment at lines 27--27
[][]
 []


Underfull \hbox (badness 10000) in paragraph at lines 27--27

 []


Underfull \hbox (badness 10000) in paragraph at lines 27--27

 []


Underfull \hbox (badness 10000) in paragraph at lines 27--27

 []


Overfull \hbox (31.8704pt too wide) in paragraph at lines 28--28
 [] 
 []


Overfull \hbox (7.0274pt too wide) in alignment at lines 37--37
[][]
 []


Underfull \hbox (badness 10000) in paragraph at lines 37--37

 []


Underfull \hbox (badness 10000) in paragraph at lines 37--37

 []


Underfull \hbox (badness 10000) in paragraph at lines 37--37

 []


Overfull \hbox (31.8704pt too wide) in paragraph at lines 38--38
 [] 
 []


Overfull \hbox (7.0274pt too wide) in alignment at lines 46--46
[][]
 []


Underfull \hbox (badness 10000) in paragraph at lines 46--46

 []


Underfull \hbox (badness 10000) in paragraph at lines 46--46

 []


Underfull \hbox (badness 10000) in paragraph at lines 46--46

 []


Overfull \hbox (31.8704pt too wide) in paragraph at lines 47--47
 [] 
 []


Overfull \hbox (7.0274pt too wide) in alignment at lines 55--55
[][]
 []


Underfull \hbox (badness 10000) in paragraph at lines 55--55

 []


Underfull \hbox (badness 10000) in paragraph at lines 55--55

 []


Underfull \hbox (badness 10000) in paragraph at lines 55--55

 []


Overfull \hbox (31.8704pt too wide) in paragraph at lines 56--56
 [] 
 []


Overfull \hbox (7.0274pt too wide) in alignment at lines 65--65
[][]
 []


Underfull \hbox (badness 10000) in paragraph at lines 65--65

 []


Underfull \hbox (badness 10000) in paragraph at lines 65--65

 []


Underfull \hbox (badness 10000) in paragraph at lines 65--65

 []


Overfull \hbox (31.8704pt too wide) in paragraph at lines 66--66
 [] 
 []

[8



])
\openout2 = `6.-Experiencia/0.-Experiencia.aux'.

 (./6.-Experiencia/0.-Experiencia.tex
Overfull \hbox (31.8704pt too wide) in paragraph at lines 5--5
 [] 
 []


Underfull \hbox (badness 10000) in paragraph at lines 9--9

 []


Overfull \hbox (9.10683pt too wide) in paragraph at lines 9--9
[]$[]$| 
 []


Overfull \hbox (2.89317pt too wide) in alignment at lines 9--9
[]
 []


Overfull \hbox (7.0274pt too wide) in alignment at lines 20--20
[][]
 []


Underfull \hbox (badness 10000) in paragraph at lines 20--20

 []


Underfull \hbox (badness 10000) in paragraph at lines 20--20

 []


Underfull \hbox (badness 10000) in paragraph at lines 20--20

 []


Overfull \hbox (31.8704pt too wide) in paragraph at lines 21--21
 [] 
 []


Overfull \hbox (7.0274pt too wide) in alignment at lines 33--33
[][]
 []


Underfull \hbox (badness 10000) in paragraph at lines 33--33

 []


Underfull \hbox (badness 10000) in paragraph at lines 33--33

 []


Underfull \hbox (badness 10000) in paragraph at lines 33--33

 []


Overfull \hbox (31.8704pt too wide) in paragraph at lines 34--34
 [] 
 []


Underfull \hbox (badness 10000) in paragraph at lines 37--37

 []


Overfull \hbox (9.10683pt too wide) in paragraph at lines 37--37
[]$[]$| 
 []


Overfull \hbox (2.89317pt too wide) in alignment at lines 37--37
[]
 []


Overfull \hbox (7.0274pt too wide) in alignment at lines 49--49
[][]
 []


Underfull \hbox (badness 10000) in paragraph at lines 49--49

 []


Underfull \hbox (badness 10000) in paragraph at lines 49--49

 []


Underfull \hbox (badness 10000) in paragraph at lines 49--49

 []


Underfull \hbox (badness 10000) in paragraph at lines 49--49

 []


Overfull \hbox (31.8704pt too wide) in paragraph at lines 50--50
 [] 
 []


Underfull \hbox (badness 10000) in paragraph at lines 53--53

 []


Overfull \hbox (9.10683pt too wide) in paragraph at lines 53--53
[]$[]$| 
 []


Overfull \hbox (2.89317pt too wide) in alignment at lines 53--53
[]
 []


Overfull \hbox (7.0274pt too wide) in alignment at lines 64--64
[][]
 []


Underfull \hbox (badness 10000) in paragraph at lines 64--64

 []


Underfull \hbox (badness 10000) in paragraph at lines 64--64

 []


Underfull \hbox (badness 10000) in paragraph at lines 64--64

 []


Overfull \hbox (31.8704pt too wide) in paragraph at lines 65--65
 [] 
 []

[9



])
\openout2 = `7.-Referencias/0.-Referencias.aux'.

 (./7.-Referencias/0.-Referencias.tex
Overfull \hbox (31.8704pt too wide) in paragraph at lines 4--4
 [] 
 []


Overfull \hbox (7.0274pt too wide) in alignment at lines 13--13
[][]
 []


Underfull \hbox (badness 10000) in paragraph at lines 13--13

 []


Underfull \hbox (badness 10000) in paragraph at lines 13--13

 []


Underfull \hbox (badness 10000) in paragraph at lines 13--13

 []


Overfull \hbox (31.8704pt too wide) in paragraph at lines 14--14
 [] 
 []


Overfull \hbox (7.0274pt too wide) in alignment at lines 22--22
[][]
 []


Underfull \hbox (badness 10000) in paragraph at lines 22--22

 []


Underfull \hbox (badness 10000) in paragraph at lines 22--22

 []


Underfull \hbox (badness 10000) in paragraph at lines 22--22

 []


Overfull \hbox (31.8704pt too wide) in paragraph at lines 23--23
 [] 
 []


Overfull \hbox (7.0274pt too wide) in alignment at lines 32--32
[][]
 []


Underfull \hbox (badness 10000) in paragraph at lines 32--32

 []


Underfull \hbox (badness 10000) in paragraph at lines 32--32

 []


Underfull \hbox (badness 10000) in paragraph at lines 32--32

 []


Overfull \hbox (31.8704pt too wide) in paragraph at lines 33--33
 [] 
 []


Overfull \hbox (7.0274pt too wide) in alignment at lines 41--41
[][]
 []


Underfull \hbox (badness 10000) in paragraph at lines 41--41

 []


Underfull \hbox (badness 10000) in paragraph at lines 41--41

 []


Underfull \hbox (badness 10000) in paragraph at lines 41--41

 []


Overfull \hbox (31.8704pt too wide) in paragraph at lines 42--42
 [] 
 []


Overfull \hbox (7.0274pt too wide) in alignment at lines 52--52
[][]
 []


Underfull \hbox (badness 10000) in paragraph at lines 52--52

 []


Underfull \hbox (badness 10000) in paragraph at lines 52--52

 []


Underfull \hbox (badness 10000) in paragraph at lines 52--52

 []


Overfull \hbox (31.8704pt too wide) in paragraph at lines 53--53
 [] 
 []


Overfull \hbox (7.0274pt too wide) in alignment at lines 64--64
[][]
 []


Underfull \hbox (badness 10000) in paragraph at lines 64--64

 []


Underfull \hbox (badness 10000) in paragraph at lines 64--64

 []


Underfull \hbox (badness 10000) in paragraph at lines 64--64

 []


Overfull \hbox (31.8704pt too wide) in paragraph at lines 65--65
 [] 
 []

<./Imagenes//Documentos/qr_cv.png, id=71, 2181.14874pt x 2181.14874pt>
File: ./Imagenes//Documentos/qr_cv.png Graphic file (type png)
<use ./Imagenes//Documentos/qr_cv.png>
Package pdftex.def Info: ./Imagenes//Documentos/qr_cv.png  used on input line 6
9.
(pdftex.def)             Requested size: 227.62204pt x 227.61292pt.
(./7.-Referencias/Adicionales.tex [10



 <./Imagenes//Documentos/qr_cv.png>]))
\openout2 = `8.-Documentos/0.-Documentos.aux'.


(./8.-Documentos/0.-Documentos.tex
Overfull \hbox (31.8704pt too wide) in paragraph at lines 4--4
 [] 
 []

<./Imagenes//Documentos/Cedula1.png, id=77, 457.71pt x 292.09125pt>
File: ./Imagenes//Documentos/Cedula1.png Graphic file (type png)
<use ./Imagenes//Documentos/Cedula1.png>
Package pdftex.def Info: ./Imagenes//Documentos/Cedula1.png  used on input line
 19.
(pdftex.def)             Requested size: 227.62204pt x 145.25636pt.

Overfull \hbox (10.66978pt too wide) in paragraph at lines 19--20
 [][] 
 []

<./Imagenes//Documentos/Cedula2.png, id=78, 476.78125pt x 319.1925pt>
File: ./Imagenes//Documentos/Cedula2.png Graphic file (type png)
<use ./Imagenes//Documentos/Cedula2.png>
Package pdftex.def Info: ./Imagenes//Documentos/Cedula2.png  used on input line
 33.
(pdftex.def)             Requested size: 227.62204pt x 152.38754pt.

Overfull \hbox (10.66977pt too wide) in paragraph at lines 33--34
 [][] 
 []

File: ./Imagenes//Documentos/qr_cv.png Graphic file (type png)
<use ./Imagenes//Documentos/qr_cv.png>
Package pdftex.def Info: ./Imagenes//Documentos/qr_cv.png  used on input line 4
7.
(pdftex.def)             Requested size: 227.62204pt x 227.61292pt.
)
Overfull \hbox (9.10681pt too wide) in paragraph at lines 53--16
 [][][] 
 []

[11



 <./Imagenes//Documentos/Cedula1.png> <./Imagenes//Documentos/Cedula2.png>]
\openout2 = `9.-Certificados/0.-Certificados.aux'.


(./9.-Certificados/0.-Certificados.tex
Overfull \hbox (31.8704pt too wide) in paragraph at lines 5--5
 [] 
 []

<0.-Portada/Certificados/PUCE.png, id=86, 816.04875pt x 565.36218pt>
File: 0.-Portada/Certificados/PUCE.png Graphic file (type png)
<use 0.-Portada/Certificados/PUCE.png>
Package pdftex.def Info: 0.-Portada/Certificados/PUCE.png  used on input line 2
0.
(pdftex.def)             Requested size: 486.54054pt x 337.08049pt.

Overfull \hbox (31.29646pt too wide) in paragraph at lines 20--20
 [][] 
 []

[12



 <./0.-Portada/Certificados/PUCE.png>]
<0.-Portada/Certificados/UTA.png, id=92, 596.98032pt x 844.65562pt>
File: 0.-Portada/Certificados/UTA.png Graphic file (type png)
<use 0.-Portada/Certificados/UTA.png>
Package pdftex.def Info: 0.-Portada/Certificados/UTA.png  used on input line 33
.
(pdftex.def)             Requested size: 460.9315pt x 652.16545pt.

Overfull \hbox (5.68742pt too wide) in paragraph at lines 33--34
[][] 
 []

(./9.-Certificados/1.-Perfil.tex

pdfTeX warning: pdflatex (file ./1.-Perfil/Certificados/Puce.pdf): PDF inclusio
n: found PDF version <1.6>, but at most version <1.5> allowed
<1.-Perfil/Certificados/Puce.pdf, id=93, 614.295pt x 794.97pt>
File: 1.-Perfil/Certificados/Puce.pdf Graphic file (type pdf)
<use 1.-Perfil/Certificados/Puce.pdf>
Package pdftex.def Info: 1.-Perfil/Certificados/Puce.pdf  used on input line 4.

(pdftex.def)             Requested size: 507.03091pt x 656.1616pt.

Overfull \hbox (26.78683pt too wide) in paragraph at lines 4--5
[][] 
 []



pdfTeX warning: pdflatex (file ./1.-Perfil/Certificados/Toefl_1.pdf): PDF inclu
sion: found PDF version <1.6>, but at most version <1.5> allowed
<1.-Perfil/Certificados/Toefl_1.pdf, id=94, 1011.78pt x 614.295pt>
File: 1.-Perfil/Certificados/Toefl_1.pdf Graphic file (type pdf)
<use 1.-Perfil/Certificados/Toefl_1.pdf>
Package pdftex.def Info: 1.-Perfil/Certificados/Toefl_1.pdf  used on input line
 86.
(pdftex.def)             Requested size: 640.187pt x 388.6951pt.

Overfull \hbox (104.94292pt too wide) in paragraph at lines 86--86
[][] 
 []



pdfTeX warning: pdflatex (file ./1.-Perfil/Certificados/Toefl_2.pdf): PDF inclu
sion: found PDF version <1.6>, but at most version <1.5> allowed
<1.-Perfil/Certificados/Toefl_2.pdf, id=95, 614.295pt x 1011.78pt>
File: 1.-Perfil/Certificados/Toefl_2.pdf Graphic file (type pdf)
<use 1.-Perfil/Certificados/Toefl_2.pdf>
Package pdftex.def Info: 1.-Perfil/Certificados/Toefl_2.pdf  used on input line
 86.
(pdftex.def)             Requested size: 486.54054pt x 801.36621pt.

Overfull \hbox (21.29646pt too wide) in paragraph at lines 86--86
[][] 
 []


LaTeX Warning: Float too large for page by 70.13039pt on input line 86.



pdfTeX warning: pdflatex (file ./1.-Perfil/Certificados/Toefl_3.pdf): PDF inclu
sion: found PDF version <1.6>, but at most version <1.5> allowed
<1.-Perfil/Certificados/Toefl_3.pdf, id=96, 614.295pt x 1011.78pt>
File: 1.-Perfil/Certificados/Toefl_3.pdf Graphic file (type pdf)
<use 1.-Perfil/Certificados/Toefl_3.pdf>
Package pdftex.def Info: 1.-Perfil/Certificados/Toefl_3.pdf  used on input line
 86.
(pdftex.def)             Requested size: 486.54054pt x 801.36621pt.

Overfull \hbox (21.29646pt too wide) in paragraph at lines 86--86
[][] 
 []


LaTeX Warning: Float too large for page by 70.13039pt on input line 86.



pdfTeX warning: pdflatex (file ./1.-Perfil/Certificados/Distincin.pdf): PDF i
nclusion: found PDF version <1.6>, but at most version <1.5> allowed
<1.-Perfil/Certificados/Distincin.pdf, id=97, 597.50786pt x 845.04686pt>
File: 1.-Perfil/Certificados/Distincin.pdf Graphic file (type pdf)
<use 1.-Perfil/Certificados/Distincin.pdf>
Package pdftex.def Info: 1.-Perfil/Certificados/Distincin.pdf  used on input 
line 86.
(pdftex.def)             Requested size: 358.50314pt x 507.01913pt.

Overfull \hbox (41.77505pt too wide) in paragraph at lines 86--86
[][] 
 []



pdfTeX warning: pdflatex (file ./1.-Perfil/Certificados/Velasco.pdf): PDF inclu
sion: found PDF version <1.6>, but at most version <1.5> allowed
<1.-Perfil/Certificados/Velasco.pdf, id=98, 614.295pt x 794.97pt>
File: 1.-Perfil/Certificados/Velasco.pdf Graphic file (type pdf)
<use 1.-Perfil/Certificados/Velasco.pdf>
Package pdftex.def Info: 1.-Perfil/Certificados/Velasco.pdf  used on input line
 86.
(pdftex.def)             Requested size: 358.50314pt x 463.94566pt.
<1.-Perfil/Certificados/Investigacin.pdf, id=99, 1616.0375pt x 1084.05pt>
File: 1.-Perfil/Certificados/Investigacin.pdf Graphic file (type pdf)
<use 1.-Perfil/Certificados/Investigacin.pdf>
Package pdftex.def Info: 1.-Perfil/Certificados/Investigacin.pdf  used on inp
ut line 86.
(pdftex.def)             Requested size: 512.1496pt x 343.54521pt.

Overfull \hbox (36.90552pt too wide) in paragraph at lines 86--86
[][] 
 []

<1.-Perfil/Certificados/Oracle.pdf, id=100, 845.0471pt x 597.50829pt>
File: 1.-Perfil/Certificados/Oracle.pdf Graphic file (type pdf)
<use 1.-Perfil/Certificados/Oracle.pdf>
Package pdftex.def Info: 1.-Perfil/Certificados/Oracle.pdf  used on input line 
86.
(pdftex.def)             Requested size: 512.1496pt x 362.13638pt.

Overfull \hbox (36.90552pt too wide) in paragraph at lines 86--86
[][] 
 []



pdfTeX warning: pdflatex (file ./1.-Perfil/Certificados/Hacking.pdf): PDF inclu
sion: found PDF version <1.6>, but at most version <1.5> allowed
<1.-Perfil/Certificados/Hacking.pdf, id=101, 845.0471pt x 597.50829pt>
File: 1.-Perfil/Certificados/Hacking.pdf Graphic file (type pdf)
<use 1.-Perfil/Certificados/Hacking.pdf>
Package pdftex.def Info: 1.-Perfil/Certificados/Hacking.pdf  used on input line
 86.
(pdftex.def)             Requested size: 486.54054pt x 344.02045pt.

Overfull \hbox (21.29646pt too wide) in paragraph at lines 86--86
[][] 
 []

) (./9.-Certificados/2.-Estudios.tex [13 <./0.-Portada/Certificados/UTA.png>]
[14 <./1.-Perfil/Certificados/Puce.pdf>] [15 <./1.-Perfil/Certificados/Toefl_1.
pdf>] [16 <./1.-Perfil/Certificados/Toefl_2.pdf>] [17 <./1.-Perfil/Certificados
/Toefl_3.pdf>] [18 <./1.-Perfil/Certificados/Distincin.pdf> <./1.-Perfil/Cert
ificados/Velasco.pdf

pdfTeX warning: pdflatex (file ./1.-Perfil/Certificados/Velasco.pdf): PDF inclu
sion: multiple pdfs with page group included in a single page
>] [19 <./1.-Perfil/Certificados/Investigacin.pdf> <./1.-Perfil/Certificados/
Oracle.pdf>] [20 <./1.-Perfil/Certificados/Hacking.pdf>]
<2.-Estudios/Certificados/22.pdf, id=346, 845.05714pt x 597.53236pt>
File: 2.-Estudios/Certificados/22.pdf Graphic file (type pdf)
<use 2.-Estudios/Certificados/22.pdf>
Package pdftex.def Info: 2.-Estudios/Certificados/22.pdf  used on input line 4.

(pdftex.def)             Requested size: 512.1496pt x 362.15099pt.

Overfull \hbox (36.90552pt too wide) in paragraph at lines 4--5
[][] 
 []



pdfTeX warning: pdflatex (file ./2.-Estudios/Certificados/21.pdf): PDF inclusio
n: found PDF version <1.6>, but at most version <1.5> allowed
<2.-Estudios/Certificados/21.pdf, id=347, 597.50786pt x 845.04686pt>
File: 2.-Estudios/Certificados/21.pdf Graphic file (type pdf)
<use 2.-Estudios/Certificados/21.pdf>
Package pdftex.def Info: 2.-Estudios/Certificados/21.pdf  used on input line 9.

(pdftex.def)             Requested size: 358.50314pt x 507.01913pt.

Overfull \hbox (31.77505pt too wide) in paragraph at lines 9--10
[][] 
 []

<2.-Estudios/Certificados/20.pdf, id=348, 1616.0375pt x 1084.05pt>
File: 2.-Estudios/Certificados/20.pdf Graphic file (type pdf)
<use 2.-Estudios/Certificados/20.pdf>
Package pdftex.def Info: 2.-Estudios/Certificados/20.pdf  used on input line 15
.
(pdftex.def)             Requested size: 512.1496pt x 343.54521pt.

Overfull \hbox (36.90552pt too wide) in paragraph at lines 15--16
[][] 
 []

<2.-Estudios/Certificados/19.pdf, id=349, 1616.0375pt x 1084.05pt>
File: 2.-Estudios/Certificados/19.pdf Graphic file (type pdf)
<use 2.-Estudios/Certificados/19.pdf>
Package pdftex.def Info: 2.-Estudios/Certificados/19.pdf  used on input line 20
.
(pdftex.def)             Requested size: 512.1496pt x 343.54521pt.

Overfull \hbox (36.90552pt too wide) in paragraph at lines 20--21
[][] 
 []

<2.-Estudios/Certificados/18.pdf, id=350, 1616.0375pt x 1084.05pt>
File: 2.-Estudios/Certificados/18.pdf Graphic file (type pdf)
<use 2.-Estudios/Certificados/18.pdf>
Package pdftex.def Info: 2.-Estudios/Certificados/18.pdf  used on input line 25
.
(pdftex.def)             Requested size: 512.1496pt x 343.54521pt.

Overfull \hbox (36.90552pt too wide) in paragraph at lines 25--26
[][] 
 []

<2.-Estudios/Certificados/17.pdf, id=351, 1616.0375pt x 1084.05pt>
File: 2.-Estudios/Certificados/17.pdf Graphic file (type pdf)
<use 2.-Estudios/Certificados/17.pdf>
Package pdftex.def Info: 2.-Estudios/Certificados/17.pdf  used on input line 30
.
(pdftex.def)             Requested size: 512.1496pt x 343.54521pt.

Overfull \hbox (36.90552pt too wide) in paragraph at lines 30--31
[][] 
 []

<2.-Estudios/Certificados/16.pdf, id=352, 845.05714pt x 597.53236pt>
File: 2.-Estudios/Certificados/16.pdf Graphic file (type pdf)
<use 2.-Estudios/Certificados/16.pdf>
Package pdftex.def Info: 2.-Estudios/Certificados/16.pdf  used on input line 35
.
(pdftex.def)             Requested size: 512.1496pt x 362.15099pt.

Overfull \hbox (36.90552pt too wide) in paragraph at lines 35--36
[][] 
 []



pdfTeX warning: pdflatex (file ./2.-Estudios/Certificados/14.pdf): PDF inclusio
n: found PDF version <1.7>, but at most version <1.5> allowed
<2.-Estudios/Certificados/14.pdf, id=353, 845.04686pt x 597.50786pt>
File: 2.-Estudios/Certificados/14.pdf Graphic file (type pdf)
<use 2.-Estudios/Certificados/14.pdf>
Package pdftex.def Info: 2.-Estudios/Certificados/14.pdf  used on input line 40
.
(pdftex.def)             Requested size: 512.1496pt x 362.13612pt.

Overfull \hbox (36.90552pt too wide) in paragraph at lines 40--41
[][] 
 []

<2.-Estudios/Certificados/13.pdf, id=354, 845.0471pt x 597.50829pt>
File: 2.-Estudios/Certificados/13.pdf Graphic file (type pdf)
<use 2.-Estudios/Certificados/13.pdf>
Package pdftex.def Info: 2.-Estudios/Certificados/13.pdf  used on input line 45
.
(pdftex.def)             Requested size: 512.1496pt x 362.13638pt.

Overfull \hbox (36.90552pt too wide) in paragraph at lines 45--46
[][] 
 []

<2.-Estudios/Certificados/12.pdf, id=355, 845.0471pt x 597.50829pt>
File: 2.-Estudios/Certificados/12.pdf Graphic file (type pdf)
<use 2.-Estudios/Certificados/12.pdf>
Package pdftex.def Info: 2.-Estudios/Certificados/12.pdf  used on input line 50
.
(pdftex.def)             Requested size: 512.1496pt x 362.13638pt.

Overfull \hbox (36.90552pt too wide) in paragraph at lines 50--51
[][] 
 []



pdfTeX warning: pdflatex (file ./2.-Estudios/Certificados/11.pdf): PDF inclusio
n: found PDF version <1.7>, but at most version <1.5> allowed
<2.-Estudios/Certificados/11.pdf, id=356, 597.50829pt x 845.0471pt>
File: 2.-Estudios/Certificados/11.pdf Graphic file (type pdf)
<use 2.-Estudios/Certificados/11.pdf>
Package pdftex.def Info: 2.-Estudios/Certificados/11.pdf  used on input line 55
.
(pdftex.def)             Requested size: 512.1496pt x 724.328pt.

Overfull \hbox (36.90552pt too wide) in paragraph at lines 55--56
[][] 
 []



pdfTeX warning: pdflatex (file ./2.-Estudios/Certificados/10.pdf): PDF inclusio
n: found PDF version <1.7>, but at most version <1.5> allowed
<2.-Estudios/Certificados/10.pdf, id=357, 597.50829pt x 845.0471pt>
File: 2.-Estudios/Certificados/10.pdf Graphic file (type pdf)
<use 2.-Estudios/Certificados/10.pdf>
Package pdftex.def Info: 2.-Estudios/Certificados/10.pdf  used on input line 60
.
(pdftex.def)             Requested size: 512.1496pt x 724.328pt.

Overfull \hbox (36.90552pt too wide) in paragraph at lines 60--61
[][] 
 []



pdfTeX warning: pdflatex (file ./2.-Estudios/Certificados/9.pdf): PDF inclusion
: found PDF version <1.7>, but at most version <1.5> allowed
<2.-Estudios/Certificados/9.pdf, id=358, 597.50786pt x 845.04686pt>
File: 2.-Estudios/Certificados/9.pdf Graphic file (type pdf)
<use 2.-Estudios/Certificados/9.pdf>
Package pdftex.def Info: 2.-Estudios/Certificados/9.pdf  used on input line 65.

(pdftex.def)             Requested size: 512.1496pt x 724.32779pt.

Overfull \hbox (36.90552pt too wide) in paragraph at lines 65--66
[][] 
 []



pdfTeX warning: pdflatex (file ./2.-Estudios/Certificados/8.pdf): PDF inclusion
: found PDF version <1.6>, but at most version <1.5> allowed
<2.-Estudios/Certificados/8.pdf, id=359, 845.07718pt x 597.432pt>
File: 2.-Estudios/Certificados/8.pdf Graphic file (type pdf)
<use 2.-Estudios/Certificados/8.pdf>
Package pdftex.def Info: 2.-Estudios/Certificados/8.pdf  used on input line 70.

(pdftex.def)             Requested size: 512.1496pt x 362.07193pt.

Overfull \hbox (36.90552pt too wide) in paragraph at lines 70--71
[][] 
 []

<2.-Estudios/Certificados/7.pdf, id=360, 845.0471pt x 597.51233pt>
File: 2.-Estudios/Certificados/7.pdf Graphic file (type pdf)
<use 2.-Estudios/Certificados/7.pdf>
Package pdftex.def Info: 2.-Estudios/Certificados/7.pdf  used on input line 75.

(pdftex.def)             Requested size: 512.1496pt x 362.13884pt.

Overfull \hbox (36.90552pt too wide) in paragraph at lines 75--76
[][] 
 []



pdfTeX warning: pdflatex (file ./2.-Estudios/Certificados/6.pdf): PDF inclusion
: found PDF version <1.7>, but at most version <1.5> allowed
<2.-Estudios/Certificados/6.pdf, id=361, 843.93492pt x 597.74213pt>
File: 2.-Estudios/Certificados/6.pdf Graphic file (type pdf)
<use 2.-Estudios/Certificados/6.pdf>
Package pdftex.def Info: 2.-Estudios/Certificados/6.pdf  used on input line 80.

(pdftex.def)             Requested size: 512.1496pt x 362.76152pt.

Overfull \hbox (36.90552pt too wide) in paragraph at lines 80--81
[][] 
 []

<2.-Estudios/Certificados/5.png, id=362, 828.84656pt x 561.59813pt>
File: 2.-Estudios/Certificados/5.png Graphic file (type png)
<use 2.-Estudios/Certificados/5.png>
Package pdftex.def Info: 2.-Estudios/Certificados/5.png  used on input line 85.

(pdftex.def)             Requested size: 512.1496pt x 347.02182pt.

Overfull \hbox (36.90552pt too wide) in paragraph at lines 85--86
[][] 
 []

<2.-Estudios/Certificados/4.png, id=363, 846.91406pt x 600.74437pt>
File: 2.-Estudios/Certificados/4.png Graphic file (type png)
<use 2.-Estudios/Certificados/4.png>
Package pdftex.def Info: 2.-Estudios/Certificados/4.png  used on input line 90.

(pdftex.def)             Requested size: 512.1496pt x 363.30022pt.

Overfull \hbox (36.90552pt too wide) in paragraph at lines 90--91
[][] 
 []

<2.-Estudios/Certificados/3.png, id=364, 599.23875pt x 417.05812pt>
File: 2.-Estudios/Certificados/3.png Graphic file (type png)
<use 2.-Estudios/Certificados/3.png>
Package pdftex.def Info: 2.-Estudios/Certificados/3.png  used on input line 95.

(pdftex.def)             Requested size: 512.1496pt x 356.47385pt.

Overfull \hbox (36.90552pt too wide) in paragraph at lines 95--96
[][] 
 []

<2.-Estudios/Certificados/2.png, id=365, 833.36343pt x 572.1375pt>
File: 2.-Estudios/Certificados/2.png Graphic file (type png)
<use 2.-Estudios/Certificados/2.png>
Package pdftex.def Info: 2.-Estudios/Certificados/2.png  used on input line 100
.
(pdftex.def)             Requested size: 512.1496pt x 351.63112pt.

Overfull \hbox (36.90552pt too wide) in paragraph at lines 100--101
[][] 
 []

) (./9.-Certificados/3.-Ponencias.tex
<3.-Ponencias/Certificados/4.png, id=366, 789.70032pt x 554.82281pt>
File: 3.-Ponencias/Certificados/4.png Graphic file (type png)
<use 3.-Ponencias/Certificados/4.png>
Package pdftex.def Info: 3.-Ponencias/Certificados/4.png  used on input line 53
.
(pdftex.def)             Requested size: 486.54054pt x 341.82777pt.

Overfull \hbox (21.29646pt too wide) in paragraph at lines 53--53
[][] 
 []

<3.-Ponencias/Certificados/3.jpg, id=368, 845.0772pt x 597.6729pt>
File: 3.-Ponencias/Certificados/3.jpg Graphic file (type jpg)
<use 3.-Ponencias/Certificados/3.jpg>
Package pdftex.def Info: 3.-Ponencias/Certificados/3.jpg  used on input line 53
.
(pdftex.def)             Requested size: 486.54054pt x 344.10611pt.

Overfull \hbox (21.29646pt too wide) in paragraph at lines 53--53
[][][][][][] 
 []

<3.-Ponencias/Certificados/2.png, id=369, 810.02625pt x 556.32843pt>
File: 3.-Ponencias/Certificados/2.png Graphic file (type png)
<use 3.-Ponencias/Certificados/2.png>
Package pdftex.def Info: 3.-Ponencias/Certificados/2.png  used on input line 53
.
(pdftex.def)             Requested size: 486.54054pt x 334.16466pt.

Overfull \hbox (21.29646pt too wide) in paragraph at lines 53--53
[][] 
 []

<3.-Ponencias/Certificados/1.png, id=370, 587.94656pt x 411.03563pt>
File: 3.-Ponencias/Certificados/1.png Graphic file (type png)
<use 3.-Ponencias/Certificados/1.png>
Package pdftex.def Info: 3.-Ponencias/Certificados/1.png  used on input line 53
.
(pdftex.def)             Requested size: 486.54054pt x 340.14343pt.

Overfull \hbox (21.29646pt too wide) in paragraph at lines 53--53
[][] 
 []

) (./9.-Certificados/4.-Meritos.tex

pdfTeX warning: pdflatex (file ./4.-Meritos/Certificados/7.pdf): PDF inclusion:
 found PDF version <1.6>, but at most version <1.5> allowed
<4.-Meritos/Certificados/7.pdf, id=371, 614.295pt x 794.97pt>
File: 4.-Meritos/Certificados/7.pdf Graphic file (type pdf)
<use 4.-Meritos/Certificados/7.pdf>
Package pdftex.def Info: 4.-Meritos/Certificados/7.pdf  used on input line 3.
(pdftex.def)             Requested size: 409.72124pt x 530.23747pt.

Overfull \hbox (49.9934pt too wide) in paragraph at lines 3--4
[][] 
 []



pdfTeX warning: pdflatex (file ./4.-Meritos/Certificados/6.pdf): PDF inclusion:
 found PDF version <1.7>, but at most version <1.5> allowed
<4.-Meritos/Certificados/6.pdf, id=372, 845.07718pt x 597.55246pt>
File: 4.-Meritos/Certificados/6.pdf Graphic file (type pdf)
<use 4.-Meritos/Certificados/6.pdf>
Package pdftex.def Info: 4.-Meritos/Certificados/6.pdf  used on input line 8.
(pdftex.def)             Requested size: 512.1496pt x 362.14493pt.

Overfull \hbox (31.90552pt too wide) in paragraph at lines 8--9
[][] 
 []

<4.-Meritos/Certificados/5.png, id=373, 4314.36844pt x 5950.98282pt>
File: 4.-Meritos/Certificados/5.png Graphic file (type png)
<use 4.-Meritos/Certificados/5.png>
Package pdftex.def Info: 4.-Meritos/Certificados/5.png  used on input line 13.
(pdftex.def)             Requested size: 486.54054pt x 671.04578pt.

Overfull \hbox (21.29646pt too wide) in paragraph at lines 13--14
[][] 
 []

<4.-Meritos/Certificados/4.png, id=374, 590.95781pt x 417.05812pt>
File: 4.-Meritos/Certificados/4.png Graphic file (type png)
<use 4.-Meritos/Certificados/4.png>
Package pdftex.def Info: 4.-Meritos/Certificados/4.png  used on input line 18.
(pdftex.def)             Requested size: 486.54054pt x 343.37717pt.

Overfull \hbox (21.29646pt too wide) in paragraph at lines 18--19
[][] 
 []

<4.-Meritos/Certificados/3.png, id=375, 450.18187pt x 728.7225pt>
File: 4.-Meritos/Certificados/3.png Graphic file (type png)
<use 4.-Meritos/Certificados/3.png>
Package pdftex.def Info: 4.-Meritos/Certificados/3.png  used on input line 23.
(pdftex.def)             Requested size: 512.1496pt x 829.12886pt.

Overfull \hbox (31.90552pt too wide) in paragraph at lines 23--24
[][] 
 []


LaTeX Warning: Float too large for page by 97.89304pt on input line 24.

<4.-Meritos/Certificados/2.png, id=376, 727.21687pt x 508.14844pt>
File: 4.-Meritos/Certificados/2.png Graphic file (type png)
<use 4.-Meritos/Certificados/2.png>
Package pdftex.def Info: 4.-Meritos/Certificados/2.png  used on input line 28.
(pdftex.def)             Requested size: 512.1496pt x 357.88026pt.

Overfull \hbox (31.90552pt too wide) in paragraph at lines 28--29
[][] 
 []

<4.-Meritos/Certificados/1.png, id=377, 845.40843pt x 598.48593pt>
File: 4.-Meritos/Certificados/1.png Graphic file (type png)
<use 4.-Meritos/Certificados/1.png>
Package pdftex.def Info: 4.-Meritos/Certificados/1.png  used on input line 33.
(pdftex.def)             Requested size: 512.1496pt x 362.57367pt.

Overfull \hbox (31.90552pt too wide) in paragraph at lines 33--34
[][] 
 []

) (./9.-Certificados/5.-Publicaciones.tex
<5.-Publicaciones/Certificados/6.png, id=378, 706.64pt x 1048.91875pt>
File: 5.-Publicaciones/Certificados/6.png Graphic file (type png)
<use 5.-Publicaciones/Certificados/6.png>
Package pdftex.def Info: 5.-Publicaciones/Certificados/6.png  used on input lin
e 4.
(pdftex.def)             Requested size: 445.56764pt x 661.3985pt.
<5.-Publicaciones/Certificados/5.png, id=379, 651.43375pt x 996.72375pt>
File: 5.-Publicaciones/Certificados/5.png Graphic file (type png)
<use 5.-Publicaciones/Certificados/5.png>
Package pdftex.def Info: 5.-Publicaciones/Certificados/5.png  used on input lin
e 9.
(pdftex.def)             Requested size: 435.33028pt x 666.09808pt.
<5.-Publicaciones/Certificados/4.png, id=380, 637.38126pt x 988.69376pt>
File: 5.-Publicaciones/Certificados/4.png Graphic file (type png)
<use 5.-Publicaciones/Certificados/4.png>
Package pdftex.def Info: 5.-Publicaciones/Certificados/4.png  used on input lin
e 15.
(pdftex.def)             Requested size: 486.54054pt x 754.70387pt.

Overfull \hbox (31.29646pt too wide) in paragraph at lines 15--16
 [][] 
 []


LaTeX Warning: Float too large for page by 23.46805pt on input line 16.

<5.-Publicaciones/Certificados/3.png, id=381, 689.57625pt x 1005.7575pt>
File: 5.-Publicaciones/Certificados/3.png Graphic file (type png)
<use 5.-Publicaciones/Certificados/3.png>
Package pdftex.def Info: 5.-Publicaciones/Certificados/3.png  used on input lin
e 21.
(pdftex.def)             Requested size: 445.56764pt x 649.8673pt.
<5.-Publicaciones/Certificados/2.png, id=382, 525.965pt x 883.3pt>
File: 5.-Publicaciones/Certificados/2.png Graphic file (type png)
<use 5.-Publicaciones/Certificados/2.png>
Package pdftex.def Info: 5.-Publicaciones/Certificados/2.png  used on input lin
e 27.
(pdftex.def)             Requested size: 445.56764pt x 748.31512pt.

LaTeX Warning: Float too large for page by 17.0793pt on input line 28.

<5.-Publicaciones/Certificados/1.png, id=383, 630.355pt x 1005.7575pt>
File: 5.-Publicaciones/Certificados/1.png Graphic file (type png)
<use 5.-Publicaciones/Certificados/1.png>
Package pdftex.def Info: 5.-Publicaciones/Certificados/1.png  used on input lin
e 33.
(pdftex.def)             Requested size: 486.54054pt x 776.29262pt.

Overfull \hbox (31.29646pt too wide) in paragraph at lines 33--34
 [][] 
 []


LaTeX Warning: Float too large for page by 45.0568pt on input line 34.

) (./9.-Certificados/6.-Experiencia.tex

pdfTeX warning: pdflatex (file ./6.-Experiencia/Certificados/5C.pdf): PDF inclu
sion: found PDF version <1.6>, but at most version <1.5> allowed
<6.-Experiencia/Certificados/5C.pdf, id=384, 614.295pt x 794.97pt>
File: 6.-Experiencia/Certificados/5C.pdf Graphic file (type pdf)
<use 6.-Experiencia/Certificados/5C.pdf>
Package pdftex.def Info: 6.-Experiencia/Certificados/5C.pdf  used on input line
 4.
(pdftex.def)             Requested size: 563.36768pt x 729.11293pt.

Overfull \hbox (63.1236pt too wide) in paragraph at lines 4--4
[][] 
 []



pdfTeX warning: pdflatex (file ./6.-Experiencia/Certificados/5B.pdf): PDF inclu
sion: found PDF version <1.6>, but at most version <1.5> allowed
<6.-Experiencia/Certificados/5B.pdf, id=385, 614.295pt x 794.97pt>
File: 6.-Experiencia/Certificados/5B.pdf Graphic file (type pdf)
<use 6.-Experiencia/Certificados/5B.pdf>
Package pdftex.def Info: 6.-Experiencia/Certificados/5B.pdf  used on input line
 10.
(pdftex.def)             Requested size: 563.36768pt x 729.11293pt.

Overfull \hbox (63.1236pt too wide) in paragraph at lines 10--10
[][] 
 []

<6.-Experiencia/Certificados/4.pdf, id=386, 597.6729pt x 840.86142pt>
File: 6.-Experiencia/Certificados/4.pdf Graphic file (type pdf)
<use 6.-Experiencia/Certificados/4.pdf>
Package pdftex.def Info: 6.-Experiencia/Certificados/4.pdf  used on input line 
15.
(pdftex.def)             Requested size: 486.54054pt x 684.51976pt.

Overfull \hbox (6.29646pt too wide) in paragraph at lines 15--15
[][] 
 []

<6.-Experiencia/Certificados/3.png, id=387, 486.31688pt x 761.84625pt>
File: 6.-Experiencia/Certificados/3.png Graphic file (type png)
<use 6.-Experiencia/Certificados/3.png>
Package pdftex.def Info: 6.-Experiencia/Certificados/3.png  used on input line 
20.
(pdftex.def)             Requested size: 486.54054pt x 762.19313pt.

Overfull \hbox (6.29646pt too wide) in paragraph at lines 20--20
[][] 
 []


LaTeX Warning: Float too large for page by 30.9573pt on input line 20.

<6.-Experiencia/Certificados/1.png, id=388, 566.86781pt x 825.0825pt>
File: 6.-Experiencia/Certificados/1.png Graphic file (type png)
<use 6.-Experiencia/Certificados/1.png>
Package pdftex.def Info: 6.-Experiencia/Certificados/1.png  used on input line 
25.
(pdftex.def)             Requested size: 486.54054pt x 708.18484pt.

Overfull \hbox (6.29646pt too wide) in paragraph at lines 25--25
[][] 
 []

)) [21

 <./2.-Estudios/Certificados/22.pdf>] [22 <./2.-Estudios/Certificados/21.pdf> <
./2.-Estudios/Certificados/20.pdf>] [23 <./2.-Estudios/Certificados/19.pdf> <./
2.-Estudios/Certificados/18.pdf>] [24 <./2.-Estudios/Certificados/17.pdf> <./2.
-Estudios/Certificados/16.pdf>] [25 <./2.-Estudios/Certificados/14.pdf>]
[26 <./2.-Estudios/Certificados/13.pdf>] [27 <./2.-Estudios/Certificados/12.pdf
>] [28 <./2.-Estudios/Certificados/11.pdf>] [29 <./2.-Estudios/Certificados/10.
pdf>] [30 <./2.-Estudios/Certificados/9.pdf>] [31 <./2.-Estudios/Certificados/8
.pdf>] [32 <./2.-Estudios/Certificados/7.pdf>] [33 <./2.-Estudios/Certificados/
6.pdf> <./2.-Estudios/Certificados/5.png>] [34 <./2.-Estudios/Certificados/4.pn
g> <./2.-Estudios/Certificados/3.png>] [35 <./2.-Estudios/Certificados/2.png> <
./3.-Ponencias/Certificados/4.png>] [36 <./3.-Ponencias/Certificados/3.jpg> <./
3.-Ponencias/Certificados/2.png>] [37 <./3.-Ponencias/Certificados/1.png>]
[38 <./4.-Meritos/Certificados/7.pdf>] [39 <./4.-Meritos/Certificados/6.pdf>]
[40 <./4.-Meritos/Certificados/5.png

pdfTeX warning: pdflatex (file ./4.-Meritos/Certificados/5.png): large interlac
ed PNG might cause out of memory (use non-interlaced PNG to fix this)
>] [41 <./4.-Meritos/Certificados/4.png>] [42 <./4.-Meritos/Certificados/3.png>
] [43 <./4.-Meritos/Certificados/2.png> <./4.-Meritos/Certificados/1.png>]
[44 <./5.-Publicaciones/Certificados/6.png>] [45 <./5.-Publicaciones/Certificad
os/5.png>] [46 <./5.-Publicaciones/Certificados/4.png>] [47 <./5.-Publicaciones
/Certificados/3.png>] [48 <./5.-Publicaciones/Certificados/2.png>] [49 <./5.-Pu
blicaciones/Certificados/1.png>] [50 <./6.-Experiencia/Certificados/5C.pdf>]
[51 <./6.-Experiencia/Certificados/5B.pdf>] [52 <./6.-Experiencia/Certificados/
4.pdf>] [53 <./6.-Experiencia/Certificados/3.png>] [54 <./6.-Experiencia/Certif
icados/1.png>] (./main.aux (./1.-Perfil/0.-Perfil.aux)
(./2.-Estudios/0.-Estudios.aux) (./3.-Ponencias/0.-Ponencias.aux)
(./4.-Meritos/0.-Meritos.aux) (./5.-Publicaciones/0.-Publicaciones.aux)
(./6.-Experiencia/0.-Experiencia.aux) (./7.-Referencias/0.-Referencias.aux)
(./8.-Documentos/0.-Documentos.aux) (./9.-Certificados/0.-Certificados.aux))
Package rerunfilecheck Info: File `main.out' has not changed.
(rerunfilecheck)             Checksum: D41D8CD98F00B204E9800998ECF8427E;0.
 ) 
Here is how much of TeX's memory you used:
 21880 strings out of 481008
 396132 string characters out of 5909439
 701850 words of memory out of 5000000
 38485 multiletter control sequences out of 15000+600000
 406834 words of font info for 38 fonts, out of 8000000 for 9000
 14 hyphenation exceptions out of 8191
 91i,13n,91p,556b,715s stack positions out of 5000i,500n,10000p,200000b,80000s
{/usr/share/texlive/texmf-dist/fonts/enc/dvips/cm-super/cm-super-ts1.enc}{/us
r/share/texlive/texmf-dist/fonts/enc/dvips/fontawesome/fontawesometwo.enc}{/usr
/share/texlive/texmf-dist/fonts/enc/dvips/fontawesome/fontawesomeone.enc}</usr/
share/texlive/texmf-dist/fonts/type1/public/fontawesome/FontAwesome.pfb></usr/s
hare/texlive/texmf-dist/fonts/type1/public/amsfonts/cm/cmbx10.pfb></usr/share/t
exlive/texmf-dist/fonts/type1/public/amsfonts/cm/cmbx12.pfb></usr/share/texlive
/texmf-dist/fonts/type1/public/amsfonts/cm/cmr10.pfb></usr/share/texlive/texmf-
dist/fonts/type1/public/amsfonts/cm/cmr12.pfb></usr/share/texlive/texmf-dist/fo
nts/type1/public/amsfonts/cm/cmr9.pfb></usr/share/texlive/texmf-dist/fonts/type
1/public/cm-super/sfbx1000.pfb>
Output written on main.pdf (54 pages, 113788675 bytes).
PDF statistics:
 1123 PDF objects out of 1200 (max. 8388607)
 721 compressed objects within 8 object streams
 55 named destinations out of 1000 (max. 500000)
 303 words of extra memory for PDF output out of 10000 (max. 10000000)

